IQ-TREE multicore version 2.0.3 for Linux 64-bit built Dec 20 2020
Developed by Bui Quang Minh, Nguyen Lam Tung, Olga Chernomor,
Heiko Schmidt, Dominik Schrempf, Michael Woodhams.

Host:    jupiter11.ihpc.uts.edu.au (AVX2, FMA3, 503 GB RAM)
Command: iqtree -s /projects/AusGEM/Cam/ST127/ST127_pipelord2_results/roary/ST127_outgroup/core_gene_alignment.aln -pre /projects/AusGEM/Cam/ST127/ST127_pipelord2_results/trees/ST127_outgroup/CGA_full -m GTR+F+R -bb 1000
Seed:    740255 (Using SPRNG - Scalable Parallel Random Number Generator)
Time:    Fri Aug 20 19:31:39 2021
Kernel:  AVX+FMA - 1 threads (64 CPU cores detected)

HINT: Use -nt option to specify number of threads because your CPU has 64 cores!
HINT: -nt AUTO will automatically determine the best number of threads to use.

Reading alignment file /projects/AusGEM/Cam/ST127/ST127_pipelord2_results/roary/ST127_outgroup/core_gene_alignment.aln ... Fasta format detected
Alignment most likely contains DNA/RNA sequences
Alignment has 300 sequences with 3025871 columns, 12460 distinct patterns
8681 parsimony-informative, 12531 singleton sites, 3004659 constant sites
             Gap/Ambiguity  Composition  p-value
   1  2009_46        0.37%    passed     99.64%
   2  2011_83        0.12%    passed     99.96%
   3  2011_89        0.12%    passed     99.97%
   4  2011_92        0.12%    passed     99.98%
   5  2011_97        0.12%    passed     99.96%
   6  ERR1981376     0.18%    passed     99.52%
   7  ERR2935427     0.25%    passed     99.67%
   8  ERR2935619     0.14%    passed     99.93%
   9  ERR3328492     0.41%    passed     99.71%
  10  ERR3330570     0.42%    passed     98.92%
  11  HOS23          0.10%    passed    100.00%
  12  HOS35          0.10%    passed     99.99%
  13  MVC107         2.15%    passed     82.59%
  14  MVC198         0.09%    passed    100.00%
  15  MVC285         0.11%    passed     99.99%
  16  MVC295         0.06%    passed    100.00%
  17  MVC306         0.04%    passed    100.00%
  18  MVC32          0.15%    passed     99.99%
  19  MVC330         0.19%    passed     99.78%
  20  MVC347         0.11%    passed     99.99%
  21  MVC35          0.20%    passed    100.00%
  22  MVC386         0.06%    passed     99.98%
  23  MVC424         0.31%    passed     99.98%
  24  MVC481         0.21%    passed     99.81%
  25  MVC486         0.15%    passed     99.96%
  26  MVC513         0.15%    passed     99.89%
  27  MVC523         0.04%    passed    100.00%
  28  MVC524         0.04%    passed    100.00%
  29  MVC556         0.08%    passed     99.99%
  30  MVC599         0.10%    passed    100.00%
  31  MVC623         0.21%    passed     99.80%
  32  MVC666         0.07%    passed     99.98%
  33  MVC715         0.04%    passed    100.00%
  34  MVC746         0.23%    passed     99.98%
  35  MVC9           0.06%    passed    100.00%
  36  SRR10085551    0.14%    passed     99.91%
  37  SRR10085762    0.35%    passed     99.13%
  38  SRR10094049    0.37%    passed     99.79%
  39  SRR10094634    0.13%    passed     99.96%
  40  SRR10098856    0.59%    passed     81.10%
  41  SRR10126775    0.07%    passed    100.00%
  42  SRR10126811    0.22%    passed     99.98%
  43  SRR10127045    0.17%    passed     99.96%
  44  SRR10198855    0.17%    passed     99.86%
  45  SRR10257842    0.34%    passed     99.02%
  46  SRR10257910    0.08%    passed     99.99%
  47  SRR10258168    0.17%    passed     99.96%
  48  SRR10286270    0.07%    passed    100.00%
  49  SRR10380975    0.13%    passed    100.00%
  50  SRR10384915    0.12%    passed     99.98%
  51  SRR10385124    0.10%    passed    100.00%
  52  SRR10419814    0.26%    passed     99.90%
  53  SRR10502096    0.15%    passed     99.98%
  54  SRR10535869    0.43%    passed     99.92%
  55  SRR10810139    0.82%    passed     98.88%
  56  SRR10810359    0.13%    passed     99.96%
  57  SRR10947498    0.29%    passed     99.83%
  58  SRR11014951    0.13%    passed     99.92%
  59  SRR11014952    0.06%    passed     99.98%
  60  SRR11014953    0.10%    passed     99.97%
  61  SRR11014954    0.04%    passed     99.98%
  62  SRR11014955    0.16%    passed     99.99%
  63  SRR11029659    0.11%    passed     99.99%
  64  SRR11031167    0.06%    passed    100.00%
  65  SRR11080871    0.23%    passed     99.91%
  66  SRR11094157    0.17%    passed     99.86%
  67  SRR11101180    0.09%    passed    100.00%
  68  SRR11281512    0.13%    passed     99.98%
  69  SRR11281536    0.07%    passed     99.98%
  70  SRR11319484    0.13%    passed     99.98%
  71  SRR11319493    0.34%    passed     99.95%
  72  SRR11341635    0.04%    passed    100.00%
  73  SRR11354616    0.25%    passed     99.91%
  74  SRR11410512    0.04%    passed    100.00%
  75  SRR11410516    0.07%    passed     99.99%
  76  SRR11410518    0.04%    passed    100.00%
  77  SRR11410526    0.04%    passed    100.00%
  78  SRR11410527    0.10%    passed     99.96%
  79  SRR11443130    0.11%    passed    100.00%
  80  SRR11484320    0.05%    passed    100.00%
  81  SRR11484321    0.47%    passed     99.98%
  82  SRR11484381    0.06%    passed    100.00%
  83  SRR11484420    0.13%    passed     99.92%
  84  SRR11484451    0.27%    passed     99.93%
  85  SRR11484511    0.21%    passed     99.96%
  86  SRR11484521    0.12%    passed     99.95%
  87  SRR11484588    0.20%    passed     99.93%
  88  SRR11484630    0.50%    passed     99.17%
  89  SRR11484637    0.44%    passed     99.99%
  90  SRR11484664    0.10%    passed     99.95%
  91  SRR11484667    0.15%    passed    100.00%
  92  SRR11484688    0.36%    passed     99.98%
  93  SRR11484689    0.12%    passed     99.98%
  94  SRR11484738    0.21%    passed     99.94%
  95  SRR11484745    0.15%    passed     99.99%
  96  SRR11484776    0.10%    passed    100.00%
  97  SRR11487790    0.06%    passed     99.99%
  98  SRR11487860    0.26%    passed     99.95%
  99  SRR11594617    0.10%    passed     99.92%
 100  SRR1314338     0.17%    passed     99.75%
 101  SRR1314351     0.04%    passed    100.00%
 102  SRR1314354     0.05%    passed    100.00%
 103  SRR1314357     0.04%    passed    100.00%
 104  SRR1314374     0.16%    passed     99.98%
 105  SRR1314380     0.15%    passed    100.00%
 106  SRR1314392     0.15%    passed     99.95%
 107  SRR1314407     0.10%    passed     99.99%
 108  SRR1314451     0.19%    passed     99.42%
 109  SRR1314452     0.17%    passed     99.08%
 110  SRR1314454     3.54%    passed     71.18%
 111  SRR1314529     0.50%    passed     98.52%
 112  SRR1314578     0.10%    passed     99.85%
 113  SRR1314582     0.17%    passed    100.00%
 114  SRR1610067     4.57%    failed      0.00%
 115  SRR3050953     0.27%    passed     99.97%
 116  SRR3051010     0.18%    passed     99.96%
 117  SRR3098794     5.61%    failed      2.56%
 118  SRR3136824     0.14%    passed     99.83%
 119  SRR3178418     0.13%    passed     99.97%
 120  SRR3221963     0.17%    passed     99.42%
 121  SRR3345807     0.83%    passed     70.27%
 122  SRR3465509     0.06%    passed    100.00%
 123  SRR3545384     0.05%    passed    100.00%
 124  SRR3574241     0.17%    passed    100.00%
 125  SRR3578629     1.49%    passed     99.69%
 126  SRR3578642     0.23%    passed     99.86%
 127  SRR3578806     0.19%    passed     99.99%
 128  SRR3578974     0.04%    passed     99.99%
 129  SRR3581327     0.16%    passed     99.93%
 130  SRR3987643     0.04%    passed    100.00%
 131  SRR3987645     0.08%    passed     99.99%
 132  SRR3987715     0.45%    passed     99.84%
 133  SRR3988040     0.07%    passed    100.00%
 134  SRR3993809     0.13%    passed     99.98%
 135  SRR3993865     0.06%    passed    100.00%
 136  SRR4067488     0.16%    passed     99.96%
 137  SRR4184853     0.20%    passed    100.00%
 138  SRR4263053     0.09%    passed    100.00%
 139  SRR5017485     0.51%    passed     99.00%
 140  SRR5336297     1.44%    passed     96.24%
 141  SRR5928752     0.10%    passed     99.89%
 142  SRR6161046     0.09%    passed     99.98%
 143  SRR6463486     0.18%    passed     99.92%
 144  SRR6701896     1.59%    passed     93.29%
 145  SRR6742588     0.13%    passed     99.96%
 146  SRR6761140     0.11%    passed     99.99%
 147  SRR6902707     0.06%    passed    100.00%
 148  SRR6930493     0.06%    passed    100.00%
 149  SRR6930872     0.06%    passed    100.00%
 150  SRR6978939     0.87%    passed     99.56%
 151  SRR7064469     0.16%    passed     99.98%
 152  SRR7064605     0.14%    passed     99.97%
 153  SRR7209046     0.23%    passed     99.82%
 154  SRR7211957     0.20%    passed    100.00%
 155  SRR7211963     0.31%    passed     99.94%
 156  SRR7211968     0.58%    passed     98.88%
 157  SRR7221255     0.71%    passed     98.86%
 158  SRR7236573     0.14%    passed     99.92%
 159  SRR7283674     0.23%    passed     99.77%
 160  SRR7304275     0.05%    passed     99.99%
 161  SRR7304278     0.47%    passed     98.84%
 162  SRR7304279     0.05%    passed    100.00%
 163  SRR7304280     0.07%    passed     99.97%
 164  SRR7304281     0.16%    passed     99.84%
 165  SRR7304452     0.25%    passed     99.93%
 166  SRR7304453     0.23%    passed     99.90%
 167  SRR7304454     0.03%    passed    100.00%
 168  SRR7304455     0.12%    passed     99.51%
 169  SRR7304456     0.07%    passed     99.99%
 170  SRR7304457     0.04%    passed    100.00%
 171  SRR7304461     0.09%    passed    100.00%
 172  SRR7427138     0.16%    passed     99.97%
 173  SRR7427254     0.16%    passed     99.97%
 174  SRR7659811     0.34%    passed     99.93%
 175  SRR7660780     0.15%    passed     99.98%
 176  SRR7660795     0.14%    passed     99.98%
 177  SRR7690509     0.41%    passed     99.94%
 178  SRR770080      0.44%    passed     99.99%
 179  SRR7786654     0.10%    passed     99.99%
 180  SRR7788262     0.43%    passed     99.67%
 181  SRR7828688     0.67%    passed     90.18%
 182  SRR784018      0.07%    passed     99.97%
 183  SRR784477      0.11%    passed    100.00%
 184  SRR7850962     0.22%    passed     99.99%
 185  SRR7851004     0.30%    passed     99.99%
 186  SRR7851038     0.14%    passed     99.95%
 187  SRR7851039     0.21%    passed     99.60%
 188  SRR7851064     0.06%    passed    100.00%
 189  SRR7851123     0.42%    passed     99.75%
 190  SRR785731      0.30%    passed     99.64%
 191  SRR785941      0.08%    passed     99.96%
 192  SRR786325      0.05%    passed    100.00%
 193  SRR786332      0.20%    passed     99.81%
 194  SRR786338      0.14%    passed     99.98%
 195  SRR7889310     0.07%    passed     99.99%
 196  SRR7904913     0.11%    passed     99.99%
 197  SRR7905454     0.08%    passed    100.00%
 198  SRR7967849     1.93%    passed     78.73%
 199  SRR7967901     0.12%    passed     99.98%
 200  SRR7967904     0.17%    passed     99.95%
 201  SRR7967918     0.13%    passed     99.98%
 202  SRR800414      0.06%    passed    100.00%
 203  SRR800530      0.04%    passed    100.00%
 204  SRR8176790     0.16%    passed     99.99%
 205  SRR8206953     0.14%    passed    100.00%
 206  SRR8284571     0.17%    passed     99.89%
 207  SRR8297621     0.15%    passed     99.97%
 208  SRR8297630     0.26%    passed     99.71%
 209  SRR8360112     1.01%    passed      5.42%
 210  SRR8397521     0.17%    passed     99.92%
 211  SRR8397612     0.20%    passed     99.94%
 212  SRR8533515     0.07%    passed     99.99%
 213  SRR8533526     0.04%    passed     99.99%
 214  SRR8533538     0.05%    passed     99.99%
 215  SRR8533623     0.30%    passed    100.00%
 216  SRR8533717     0.04%    passed    100.00%
 217  SRR8533741     0.89%    passed     98.63%
 218  SRR8533760     0.06%    passed    100.00%
 219  SRR8533796     0.17%    passed     99.99%
 220  SRR8533810     0.12%    passed     99.92%
 221  SRR8533842     0.04%    passed    100.00%
 222  SRR8533893     0.09%    passed     99.99%
 223  SRR8533910     0.22%    passed     99.98%
 224  SRR8533911     0.05%    passed     99.98%
 225  SRR8533913     0.08%    passed     99.91%
 226  SRR8533920     0.04%    passed     99.99%
 227  SRR8541316     0.06%    passed    100.00%
 228  SRR8541325     0.25%    passed     99.98%
 229  SRR8541333     0.04%    passed    100.00%
 230  SRR8541340     0.06%    passed    100.00%
 231  SRR8541341     0.06%    passed     99.99%
 232  SRR8541352     1.00%    passed     97.92%
 233  SRR8541369     0.04%    passed    100.00%
 234  SRR8541371     0.18%    passed     99.63%
 235  SRR8541387     0.38%    passed     99.25%
 236  SRR8541389     0.04%    passed    100.00%
 237  SRR8541403     0.04%    passed    100.00%
 238  SRR8541405     0.19%    passed     99.96%
 239  SRR8541409     0.40%    passed     99.69%
 240  SRR8541411     0.19%    passed     99.94%
 241  SRR8541429     0.15%    passed     99.95%
 242  SRR8541445     0.95%    passed     98.35%
 243  SRR8541470     0.19%    passed     98.95%
 244  SRR8541471     0.05%    passed    100.00%
 245  SRR8541484     0.21%    passed     99.74%
 246  SRR8541494     0.54%    passed     99.79%
 247  SRR8541501     0.64%    passed     99.33%
 248  SRR8541508     1.19%    passed     99.85%
 249  SRR8541509     0.06%    passed     99.97%
 250  SRR8541517     0.13%    passed     99.98%
 251  SRR8541538     0.08%    passed    100.00%
 252  SRR8541549     0.40%    passed     98.19%
 253  SRR8541551     0.04%    passed     99.99%
 254  SRR8541560     1.11%    passed     98.70%
 255  SRR8541563     0.27%    passed     99.74%
 256  SRR8541582     0.17%    passed     99.98%
 257  SRR8541584     0.46%    passed     99.86%
 258  SRR8541588     0.06%    passed     99.99%
 259  SRR8541603     0.23%    passed     99.98%
 260  SRR8541615     0.71%    passed     99.84%
 261  SRR8541645     0.74%    passed     99.82%
 262  SRR8602013     0.04%    passed    100.00%
 263  SRR8602131     0.05%    passed    100.00%
 264  SRR8632516     0.04%    passed     99.99%
 265  SRR8632534     0.18%    passed     99.99%
 266  SRR8663236     0.42%    passed     99.67%
 267  SRR8728087     0.08%    passed     99.99%
 268  SRR8728090     0.06%    passed     99.99%
 269  SRR8767387     0.26%    passed     99.90%
 270  SRR8781984     0.16%    passed     99.95%
 271  SRR8868851     0.39%    passed     99.77%
 272  SRR9028903     0.09%    passed    100.00%
 273  SRR9050387     0.08%    passed    100.00%
 274  SRR9113465     0.07%    passed     99.99%
 275  SRR9160170     0.04%    passed    100.00%
 276  SRR9160197     0.10%    passed     99.98%
 277  SRR9200321     0.08%    passed    100.00%
 278  SRR958491      0.22%    passed     99.98%
 279  SRR958524      0.04%    passed    100.00%
 280  SRR958547      0.08%    passed     99.99%
 281  SRR958560      0.23%    passed     99.87%
 282  SRR958655      0.25%    passed     98.92%
 283  SRR958728      0.31%    passed     99.78%
 284  SRR958788      0.19%    passed     99.86%
 285  SRR9615884     0.15%    passed     99.95%
 286  SRR9615920     0.10%    passed     99.99%
 287  SRR9674864     0.13%    passed    100.00%
 288  SRR9694238     0.36%    passed     99.51%
 289  SRR9734865     0.04%    passed    100.00%
 290  SRR9913760     0.12%    passed     99.96%
 291  SRR9913831     1.39%    passed     96.17%
 292  SRR9913870     0.55%    passed     99.88%
 293  SRR9913887     0.17%    passed     99.91%
 294  SRR9913992     0.05%    passed    100.00%
 295  SRR9913993     0.16%    passed     99.98%
 296  SRR9914184     0.28%    passed     99.97%
 297  SRR9914202     0.13%    passed    100.00%
 298  SRR9943565     0.06%    passed    100.00%
 299  SRR9973679     0.21%    passed     99.94%
 300  SRR9998291     0.07%    passed     99.99%
****  TOTAL          0.27%  2 sequences failed composition chi2 test (p-value<5%; df=3)
NOTE: minimal branch length is reduced to 0.000000033048 for long alignment

Create initial parsimony tree by phylogenetic likelihood library (PLL)... 0.907 seconds
Generating 1000 samples for ultrafast bootstrap (seed: 740255)...

NOTE: 532 MB RAM (0 GB) is required!
Estimate model parameters (epsilon = 0.100)
1. Initial log-likelihood: -4466106.179
2. Current log-likelihood: -4457802.712
3. Current log-likelihood: -4457443.596
4. Current log-likelihood: -4457409.690
5. Current log-likelihood: -4457370.243
6. Current log-likelihood: -4457330.987
7. Current log-likelihood: -4457293.052
8. Current log-likelihood: -4457259.391
9. Current log-likelihood: -4457241.502
10. Current log-likelihood: -4457227.114
11. Current log-likelihood: -4457212.599
12. Current log-likelihood: -4457197.955
13. Current log-likelihood: -4457183.184
14. Current log-likelihood: -4457168.284
15. Current log-likelihood: -4457153.254
16. Current log-likelihood: -4457138.093
17. Current log-likelihood: -4457122.798
18. Current log-likelihood: -4457107.378
19. Current log-likelihood: -4457091.828
20. Current log-likelihood: -4457076.157
21. Current log-likelihood: -4457060.358
22. Current log-likelihood: -4457044.428
23. Current log-likelihood: -4457028.612
24. Current log-likelihood: -4457011.934
25. Current log-likelihood: -4456995.852
26. Current log-likelihood: -4456978.992
27. Current log-likelihood: -4456962.124
28. Current log-likelihood: -4456945.792
29. Current log-likelihood: -4456928.523
30. Current log-likelihood: -4456911.223
31. Current log-likelihood: -4456894.461
32. Current log-likelihood: -4456876.753
33. Current log-likelihood: -4456859.007
34. Current log-likelihood: -4456841.263
35. Current log-likelihood: -4456823.385
36. Current log-likelihood: -4456805.330
37. Current log-likelihood: -4456787.093
38. Current log-likelihood: -4456768.794
39. Current log-likelihood: -4456749.799
40. Current log-likelihood: -4456731.160
41. Current log-likelihood: -4456712.065
42. Current log-likelihood: -4456692.883
43. Current log-likelihood: -4456673.538
44. Current log-likelihood: -4456654.003
45. Current log-likelihood: -4456634.267
46. Current log-likelihood: -4456614.339
47. Current log-likelihood: -4456594.231
48. Current log-likelihood: -4456573.928
49. Current log-likelihood: -4456553.411
50. Current log-likelihood: -4456532.678
51. Current log-likelihood: -4456511.722
52. Current log-likelihood: -4456490.570
53. Current log-likelihood: -4456469.219
54. Current log-likelihood: -4456447.652
55. Current log-likelihood: -4456425.861
56. Current log-likelihood: -4456403.885
57. Current log-likelihood: -4456381.590
58. Current log-likelihood: -4456359.131
59. Current log-likelihood: -4456336.350
60. Current log-likelihood: -4456313.372
61. Current log-likelihood: -4456290.139
62. Current log-likelihood: -4456266.678
63. Current log-likelihood: -4456242.954
64. Current log-likelihood: -4456218.969
65. Current log-likelihood: -4456194.701
66. Current log-likelihood: -4456170.161
67. Current log-likelihood: -4456145.366
68. Current log-likelihood: -4456120.306
69. Current log-likelihood: -4456094.952
70. Current log-likelihood: -4456069.316
71. Current log-likelihood: -4456043.383
72. Current log-likelihood: -4456017.169
73. Current log-likelihood: -4455990.660
74. Current log-likelihood: -4455963.562
75. Current log-likelihood: -4455936.431
76. Current log-likelihood: -4455909.008
77. Current log-likelihood: -4455881.398
78. Current log-likelihood: -4455852.763
79. Current log-likelihood: -4455824.833
80. Current log-likelihood: -4455795.744
81. Current log-likelihood: -4455766.768
82. Current log-likelihood: -4455737.468
83. Current log-likelihood: -4455707.836
84. Current log-likelihood: -4455677.854
85. Current log-likelihood: -4455647.539
86. Current log-likelihood: -4455616.875
87. Current log-likelihood: -4455585.878
88. Current log-likelihood: -4455554.529
89. Current log-likelihood: -4455523.102
90. Current log-likelihood: -4455490.466
91. Current log-likelihood: -4455457.749
92. Current log-likelihood: -4455424.788
93. Current log-likelihood: -4455391.510
94. Current log-likelihood: -4455357.716
95. Current log-likelihood: -4455323.547
96. Current log-likelihood: -4455288.976
97. Current log-likelihood: -4455254.040
98. Current log-likelihood: -4455218.701
99. Current log-likelihood: -4455182.964
Optimal log-likelihood: -4455182.964
Rate parameters:  A-C: 0.93624  A-G: 3.09506  A-T: 0.68740  C-G: 0.38615  C-T: 4.20938  G-T: 1.00000
Base frequencies:  A: 0.236  C: 0.248  G: 0.277  T: 0.238
Site proportion and rates:  (0.318,0.112) (0.298,0.241) (0.296,0.248) (0.088,9.324)
Parameters optimization took 99 rounds (1308.273 sec)
Computing ML distances based on estimated model parameters... 6.748 sec
Computing BIONJ tree...
0.063 seconds
Log-likelihood of BIONJ tree: -4456306.718
--------------------------------------------------------------------
|             INITIALIZING CANDIDATE TREE SET                      |
--------------------------------------------------------------------
Generating 98 parsimony trees... 98.918 second
Computing log-likelihood of 98 initial trees ... 70.969 seconds
Current best score: -4454677.848

Do NNI search on 20 best initial trees
Estimate model parameters (epsilon = 0.100)
BETTER TREE FOUND at iteration 1: -4452654.450
Iteration 10 / LogL: -4453067.881 / Time: 0h:51m:18s
Iteration 20 / LogL: -4453099.032 / Time: 0h:53m:33s
Finish initializing candidate tree set (20)
Current best tree score: -4452654.450 / CPU time: 1892.420
Number of iterations: 20
--------------------------------------------------------------------
|               OPTIMIZING CANDIDATE TREE SET                      |
--------------------------------------------------------------------
Iteration 30 / LogL: -4452959.518 / Time: 0h:55m:58s (2h:16m:59s left)
Iteration 40 / LogL: -4452751.456 / Time: 0h:58m:29s (1h:31m:28s left)
Iteration 50 / LogL: -4452684.469 / Time: 1h:0m:52s (1h:3m:20s left)
Log-likelihood cutoff on original alignment: -4453147.909
Iteration 60 / LogL: -4453200.363 / Time: 1h:3m:20s (0h:44m:0s left)
Iteration 70 / LogL: -4452906.623 / Time: 1h:5m:48s (0h:29m:33s left)
Iteration 80 / LogL: -4452661.680 / Time: 1h:8m:22s (0h:18m:10s left)
Iteration 90 / LogL: -4452666.190 / Time: 1h:10m:57s (0h:8m:46s left)
Iteration 100 / LogL: -4452659.660 / Time: 1h:13m:32s (0h:0m:44s left)
Log-likelihood cutoff on original alignment: -4453147.909
NOTE: Bootstrap correlation coefficient of split occurrence frequencies: 0.993
TREE SEARCH COMPLETED AFTER 102 ITERATIONS / Time: 1h:14m:6s

--------------------------------------------------------------------
|                    FINALIZING TREE SEARCH                        |
--------------------------------------------------------------------
Performs final model parameters optimization
Estimate model parameters (epsilon = 0.010)
1. Initial log-likelihood: -4452654.449
2. Current log-likelihood: -4452648.907
3. Current log-likelihood: -4452643.271
4. Current log-likelihood: -4452637.589
5. Current log-likelihood: -4452631.895
6. Current log-likelihood: -4452626.141
7. Current log-likelihood: -4452620.353
8. Current log-likelihood: -4452618.479
9. Current log-likelihood: -4452616.740
10. Current log-likelihood: -4452615.014
11. Current log-likelihood: -4452613.308
12. Current log-likelihood: -4452611.589
13. Current log-likelihood: -4452609.834
14. Current log-likelihood: -4452608.096
15. Current log-likelihood: -4452606.377
16. Current log-likelihood: -4452604.598
17. Current log-likelihood: -4452598.553
18. Current log-likelihood: -4452596.861
19. Current log-likelihood: -4452590.782
20. Current log-likelihood: -4452584.744
21. Current log-likelihood: -4452578.623
22. Current log-likelihood: -4452572.546
23. Current log-likelihood: -4452566.440
24. Current log-likelihood: -4452560.337
25. Current log-likelihood: -4452554.246
26. Current log-likelihood: -4452548.181
27. Current log-likelihood: -4452542.167
28. Current log-likelihood: -4452536.177
29. Current log-likelihood: -4452530.191
30. Current log-likelihood: -4452524.247
31. Current log-likelihood: -4452518.410
32. Current log-likelihood: -4452512.521
33. Current log-likelihood: -4452506.832
34. Current log-likelihood: -4452501.292
35. Current log-likelihood: -4452495.903
36. Current log-likelihood: -4452490.685
37. Current log-likelihood: -4452485.642
38. Current log-likelihood: -4452480.769
39. Current log-likelihood: -4452476.060
40. Current log-likelihood: -4452471.608
41. Current log-likelihood: -4452467.385
42. Current log-likelihood: -4452463.376
43. Current log-likelihood: -4452459.656
44. Current log-likelihood: -4452456.202
45. Current log-likelihood: -4452453.006
46. Current log-likelihood: -4452450.069
47. Current log-likelihood: -4452447.407
48. Current log-likelihood: -4452445.006
49. Current log-likelihood: -4452442.841
50. Current log-likelihood: -4452440.925
51. Current log-likelihood: -4452439.205
52. Current log-likelihood: -4452437.729
53. Current log-likelihood: -4452436.455
54. Current log-likelihood: -4452435.358
55. Current log-likelihood: -4452434.414
56. Current log-likelihood: -4452433.612
57. Current log-likelihood: -4452432.943
58. Current log-likelihood: -4452432.393
59. Current log-likelihood: -4452431.927
60. Current log-likelihood: -4452431.547
61. Current log-likelihood: -4452431.241
62. Current log-likelihood: -4452430.990
63. Current log-likelihood: -4452430.784
64. Current log-likelihood: -4452430.614
65. Current log-likelihood: -4452430.474
66. Current log-likelihood: -4452430.365
67. Current log-likelihood: -4452430.282
68. Current log-likelihood: -4452430.214
69. Current log-likelihood: -4452430.158
70. Current log-likelihood: -4452430.129
71. Current log-likelihood: -4452430.090
72. Current log-likelihood: -4452430.072
73. Current log-likelihood: -4452430.059
74. Current log-likelihood: -4452430.048
75. Current log-likelihood: -4452430.030
Optimal log-likelihood: -4452430.021
Rate parameters:  A-C: 0.94771  A-G: 3.14048  A-T: 0.69860  C-G: 0.38029  C-T: 4.26070  G-T: 1.00000
Base frequencies:  A: 0.236  C: 0.248  G: 0.277  T: 0.238
Site proportion and rates:  (0.351,0.372) (0.324,0.848) (0.322,0.872) (0.003,123.253)
Parameters optimization took 75 rounds (694.572 sec)
BEST SCORE FOUND : -4452430.021
Creating bootstrap support values...
Split supports printed to NEXUS file /projects/AusGEM/Cam/ST127/ST127_pipelord2_results/trees/ST127_outgroup/CGA_full.splits.nex
Total tree length: 0.008

Total number of iterations: 102
CPU time used for tree search: 3114.630 sec (0h:51m:54s)
Wall-clock time used for tree search: 3125.367 sec (0h:52m:5s)
Total CPU time used: 5120.790 sec (1h:25m:20s)
Total wall-clock time used: 5141.940 sec (1h:25m:41s)

Computing bootstrap consensus tree...
Reading input file /projects/AusGEM/Cam/ST127/ST127_pipelord2_results/trees/ST127_outgroup/CGA_full.splits.nex...
300 taxa and 1548 splits.
Consensus tree written to /projects/AusGEM/Cam/ST127/ST127_pipelord2_results/trees/ST127_outgroup/CGA_full.contree
Reading input trees file /projects/AusGEM/Cam/ST127/ST127_pipelord2_results/trees/ST127_outgroup/CGA_full.contree
Log-likelihood of consensus tree: -4452442.388

Analysis results written to: 
  IQ-TREE report:                /projects/AusGEM/Cam/ST127/ST127_pipelord2_results/trees/ST127_outgroup/CGA_full.iqtree
  Maximum-likelihood tree:       /projects/AusGEM/Cam/ST127/ST127_pipelord2_results/trees/ST127_outgroup/CGA_full.treefile
  Likelihood distances:          /projects/AusGEM/Cam/ST127/ST127_pipelord2_results/trees/ST127_outgroup/CGA_full.mldist

Ultrafast bootstrap approximation results written to:
  Split support values:          /projects/AusGEM/Cam/ST127/ST127_pipelord2_results/trees/ST127_outgroup/CGA_full.splits.nex
  Consensus tree:                /projects/AusGEM/Cam/ST127/ST127_pipelord2_results/trees/ST127_outgroup/CGA_full.contree
  Screen log file:               /projects/AusGEM/Cam/ST127/ST127_pipelord2_results/trees/ST127_outgroup/CGA_full.log

Date and Time: Fri Aug 20 20:58:52 2021
