IQ-TREE multicore version 2.0.3 for Linux 64-bit built Dec 20 2020
Developed by Bui Quang Minh, Nguyen Lam Tung, Olga Chernomor,
Heiko Schmidt, Dominik Schrempf, Michael Woodhams.

Host:    jupiter11.ihpc.uts.edu.au (AVX2, FMA3, 503 GB RAM)
Command: iqtree -s /projects/AusGEM/Cam/ST127/ST127_pipelord2_results/roary/ST127/core_gene_alignment.aln -pre /projects/AusGEM/Cam/ST127/ST127_pipelord2_results/trees/ST127/CGA_full -m GTR+F+R -bb 1000
Seed:    534641 (Using SPRNG - Scalable Parallel Random Number Generator)
Time:    Fri Aug 20 12:27:40 2021
Kernel:  AVX+FMA - 1 threads (64 CPU cores detected)

HINT: Use -nt option to specify number of threads because your CPU has 64 cores!
HINT: -nt AUTO will automatically determine the best number of threads to use.

Reading alignment file /projects/AusGEM/Cam/ST127/ST127_pipelord2_results/roary/ST127/core_gene_alignment.aln ... Fasta format detected
Alignment most likely contains DNA/RNA sequences
Alignment has 299 sequences with 2855627 columns, 10761 distinct patterns
8099 parsimony-informative, 11925 singleton sites, 2835603 constant sites
             Gap/Ambiguity  Composition  p-value
   1  2009_46        0.36%    passed     99.89%
   2  2011_83        0.04%    passed    100.00%
   3  2011_89        0.04%    passed    100.00%
   4  2011_92        0.13%    passed     99.97%
   5  2011_97        0.04%    passed    100.00%
   6  ERR1981376     0.04%    passed    100.00%
   7  ERR2935427     0.15%    passed     99.94%
   8  ERR2935619     0.15%    passed     99.94%
   9  ERR3328492     0.44%    passed     99.59%
  10  ERR3330570     0.39%    passed     98.65%
  11  HOS23          0.06%    passed     99.96%
  12  HOS35          0.10%    passed     99.99%
  13  MVC198         0.08%    passed    100.00%
  14  MVC285         0.11%    passed     99.99%
  15  MVC295         0.04%    passed    100.00%
  16  MVC306         0.04%    passed    100.00%
  17  MVC32          0.16%    passed     99.99%
  18  MVC330         0.20%    passed     99.75%
  19  MVC347         0.11%    passed    100.00%
  20  MVC35          0.21%    passed     99.99%
  21  MVC386         0.05%    passed     99.99%
  22  MVC424         0.21%    passed     99.99%
  23  MVC481         0.14%    passed     99.96%
  24  MVC486         0.16%    passed     99.98%
  25  MVC513         0.07%    passed    100.00%
  26  MVC523         0.04%    passed    100.00%
  27  MVC524         0.04%    passed    100.00%
  28  MVC556         0.08%    passed     99.97%
  29  MVC599         0.10%    passed     99.99%
  30  MVC623         0.14%    passed     99.95%
  31  MVC666         0.04%    passed    100.00%
  32  MVC715         0.04%    passed    100.00%
  33  MVC746         0.19%    passed     99.97%
  34  MVC9           0.06%    passed     99.99%
  35  SRR10085551    0.06%    passed     99.99%
  36  SRR10085762    0.36%    passed     99.23%
  37  SRR10094049    0.30%    passed     99.74%
  38  SRR10094634    0.14%    passed     99.97%
  39  SRR10098856    0.49%    passed     90.12%
  40  SRR10126775    0.05%    passed    100.00%
  41  SRR10126811    0.08%    passed    100.00%
  42  SRR10127045    0.06%    passed    100.00%
  43  SRR10198855    0.08%    passed    100.00%
  44  SRR10257842    0.31%    passed     98.73%
  45  SRR10257910    0.07%    passed    100.00%
  46  SRR10258168    0.14%    passed     99.99%
  47  SRR10286270    0.04%    passed     99.99%
  48  SRR10380975    0.11%    passed     99.99%
  49  SRR10384915    0.09%    passed     99.99%
  50  SRR10385124    0.10%    passed    100.00%
  51  SRR10419814    0.25%    passed     99.93%
  52  SRR10502096    0.15%    passed     99.96%
  53  SRR10535869    0.45%    passed     99.88%
  54  SRR10810139    0.70%    passed     99.01%
  55  SRR10810359    0.14%    passed     99.98%
  56  SRR10947498    0.21%    passed     99.75%
  57  SRR11014951    0.11%    passed     99.98%
  58  SRR11014952    0.06%    passed    100.00%
  59  SRR11014953    0.10%    passed     99.99%
  60  SRR11014954    0.04%    passed     99.99%
  61  SRR11014955    0.15%    passed    100.00%
  62  SRR11029659    0.11%    passed     99.99%
  63  SRR11031167    0.06%    passed    100.00%
  64  SRR11080871    0.13%    passed     99.98%
  65  SRR11094157    0.15%    passed     99.76%
  66  SRR11101180    0.09%    passed     99.99%
  67  SRR11281512    0.13%    passed     99.97%
  68  SRR11281536    0.07%    passed     99.99%
  69  SRR11319484    0.13%    passed     99.99%
  70  SRR11319493    0.18%    passed     99.75%
  71  SRR11341635    0.04%    passed     99.99%
  72  SRR11354616    0.23%    passed     99.97%
  73  SRR11410512    0.04%    passed    100.00%
  74  SRR11410516    0.08%    passed    100.00%
  75  SRR11410518    0.04%    passed    100.00%
  76  SRR11410526    0.04%    passed    100.00%
  77  SRR11410527    0.04%    passed    100.00%
  78  SRR11443130    0.04%    passed    100.00%
  79  SRR11484320    0.05%    passed    100.00%
  80  SRR11484321    0.44%    passed     99.91%
  81  SRR11484381    0.06%    passed    100.00%
  82  SRR11484420    0.13%    passed     99.95%
  83  SRR11484451    0.14%    passed    100.00%
  84  SRR11484511    0.19%    passed     99.99%
  85  SRR11484521    0.12%    passed     99.98%
  86  SRR11484588    0.16%    passed     99.97%
  87  SRR11484630    0.40%    passed     98.96%
  88  SRR11484637    0.46%    passed     99.99%
  89  SRR11484664    0.11%    passed     99.93%
  90  SRR11484667    0.05%    passed    100.00%
  91  SRR11484688    0.08%    passed     99.99%
  92  SRR11484689    0.13%    passed     99.97%
  93  SRR11484738    0.11%    passed     99.99%
  94  SRR11484745    0.15%    passed     99.99%
  95  SRR11484776    0.11%    passed    100.00%
  96  SRR11487790    0.06%    passed    100.00%
  97  SRR11487860    0.24%    passed     99.98%
  98  SRR11594617    0.04%    passed    100.00%
  99  SRR1314338     0.17%    passed     99.81%
 100  SRR1314351     0.04%    passed    100.00%
 101  SRR1314354     0.04%    passed    100.00%
 102  SRR1314357     0.04%    passed    100.00%
 103  SRR1314374     0.16%    passed     99.96%
 104  SRR1314380     0.15%    passed    100.00%
 105  SRR1314392     0.16%    passed     99.92%
 106  SRR1314407     0.05%    passed    100.00%
 107  SRR1314451     0.20%    passed     99.52%
 108  SRR1314452     0.18%    passed     99.01%
 109  SRR1314454     3.32%    passed     78.53%
 110  SRR1314529     0.37%    passed     98.58%
 111  SRR1314578     0.10%    passed     99.90%
 112  SRR1314582     0.11%    passed    100.00%
 113  SRR1610067     3.70%    failed      0.00%
 114  SRR3050953     0.20%    passed     99.95%
 115  SRR3051010     0.06%    passed    100.00%
 116  SRR3098794     5.45%    failed      4.43%
 117  SRR3136824     0.14%    passed     99.86%
 118  SRR3178418     0.11%    passed     99.97%
 119  SRR3221963     0.11%    passed     99.99%
 120  SRR3345807     0.56%    passed     91.08%
 121  SRR3465509     0.06%    passed    100.00%
 122  SRR3545384     0.05%    passed    100.00%
 123  SRR3574241     0.17%    passed     99.99%
 124  SRR3578629     1.13%    passed     98.55%
 125  SRR3578642     0.18%    passed     99.86%
 126  SRR3578806     0.17%    passed    100.00%
 127  SRR3578974     0.04%    passed    100.00%
 128  SRR3581327     0.14%    passed     99.96%
 129  SRR3987643     0.04%    passed    100.00%
 130  SRR3987645     0.04%    passed    100.00%
 131  SRR3987715     0.47%    passed     99.87%
 132  SRR3988040     0.07%    passed    100.00%
 133  SRR3993809     0.09%    passed    100.00%
 134  SRR3993865     0.06%    passed    100.00%
 135  SRR4067488     0.17%    passed     99.93%
 136  SRR4184853     0.19%    passed    100.00%
 137  SRR4263053     0.09%    passed     99.99%
 138  SRR5017485     0.50%    passed     99.14%
 139  SRR5336297     0.85%    passed     96.09%
 140  SRR5928752     0.10%    passed     99.89%
 141  SRR6161046     0.06%    passed     99.97%
 142  SRR6463486     0.12%    passed     99.98%
 143  SRR6701896     1.54%    passed     95.30%
 144  SRR6742588     0.13%    passed     99.98%
 145  SRR6761140     0.12%    passed    100.00%
 146  SRR6902707     0.04%    passed    100.00%
 147  SRR6930493     0.04%    passed    100.00%
 148  SRR6930872     0.04%    passed    100.00%
 149  SRR6978939     0.76%    passed     99.84%
 150  SRR7064469     0.04%    passed    100.00%
 151  SRR7064605     0.09%    passed     99.98%
 152  SRR7209046     0.20%    passed     99.88%
 153  SRR7211957     0.05%    passed    100.00%
 154  SRR7211963     0.17%    passed     99.99%
 155  SRR7211968     0.36%    passed     99.81%
 156  SRR7221255     0.67%    passed     99.65%
 157  SRR7236573     0.12%    passed     99.94%
 158  SRR7283674     0.19%    passed     99.85%
 159  SRR7304275     0.05%    passed    100.00%
 160  SRR7304278     0.39%    passed     99.50%
 161  SRR7304279     0.04%    passed    100.00%
 162  SRR7304280     0.07%    passed     99.97%
 163  SRR7304281     0.16%    passed     99.89%
 164  SRR7304452     0.22%    passed     99.70%
 165  SRR7304453     0.18%    passed     99.94%
 166  SRR7304454     0.03%    passed    100.00%
 167  SRR7304455     0.04%    passed    100.00%
 168  SRR7304456     0.04%    passed    100.00%
 169  SRR7304457     0.04%    passed    100.00%
 170  SRR7304461     0.10%    passed     99.99%
 171  SRR7427138     0.07%    passed     99.94%
 172  SRR7427254     0.07%    passed     99.94%
 173  SRR7659811     0.22%    passed     99.98%
 174  SRR7660780     0.09%    passed     99.98%
 175  SRR7660795     0.08%    passed     99.99%
 176  SRR7690509     0.41%    passed     99.83%
 177  SRR770080      0.36%    passed     99.97%
 178  SRR7786654     0.11%    passed    100.00%
 179  SRR7788262     0.19%    passed     99.90%
 180  SRR7828688     0.45%    passed     98.80%
 181  SRR784018      0.04%    passed    100.00%
 182  SRR784477      0.04%    passed    100.00%
 183  SRR7850962     0.23%    passed    100.00%
 184  SRR7851004     0.32%    passed    100.00%
 185  SRR7851038     0.14%    passed     99.95%
 186  SRR7851039     0.13%    passed     99.92%
 187  SRR7851064     0.06%    passed    100.00%
 188  SRR7851123     0.44%    passed     99.76%
 189  SRR785731      0.20%    passed     99.92%
 190  SRR785941      0.09%    passed     99.97%
 191  SRR786325      0.05%    passed    100.00%
 192  SRR786332      0.05%    passed    100.00%
 193  SRR786338      0.12%    passed     99.99%
 194  SRR7889310     0.08%    passed    100.00%
 195  SRR7904913     0.07%    passed    100.00%
 196  SRR7905454     0.04%    passed    100.00%
 197  SRR7967849     1.83%    passed     80.37%
 198  SRR7967901     0.13%    passed     99.98%
 199  SRR7967904     0.14%    passed     99.75%
 200  SRR7967918     0.14%    passed     99.97%
 201  SRR800414      0.04%    passed    100.00%
 202  SRR800530      0.04%    passed    100.00%
 203  SRR8176790     0.09%    passed     99.99%
 204  SRR8206953     0.05%    passed    100.00%
 205  SRR8284571     0.12%    passed     99.96%
 206  SRR8297621     0.15%    passed     99.97%
 207  SRR8297630     0.24%    passed     99.60%
 208  SRR8360112     0.63%    passed     51.44%
 209  SRR8397521     0.04%    passed     99.99%
 210  SRR8397612     0.06%    passed    100.00%
 211  SRR8533515     0.07%    passed     99.99%
 212  SRR8533526     0.04%    passed     99.98%
 213  SRR8533538     0.05%    passed    100.00%
 214  SRR8533623     0.28%    passed    100.00%
 215  SRR8533717     0.04%    passed    100.00%
 216  SRR8533741     0.76%    passed     99.39%
 217  SRR8533760     0.04%    passed    100.00%
 218  SRR8533796     0.18%    passed     99.98%
 219  SRR8533810     0.08%    passed     99.96%
 220  SRR8533842     0.04%    passed    100.00%
 221  SRR8533893     0.07%    passed    100.00%
 222  SRR8533910     0.23%    passed     99.98%
 223  SRR8533911     0.05%    passed     99.99%
 224  SRR8533913     0.08%    passed     99.93%
 225  SRR8533920     0.04%    passed    100.00%
 226  SRR8541316     0.07%    passed    100.00%
 227  SRR8541325     0.19%    passed     99.99%
 228  SRR8541333     0.04%    passed    100.00%
 229  SRR8541340     0.06%    passed    100.00%
 230  SRR8541341     0.06%    passed    100.00%
 231  SRR8541352     0.75%    passed     98.83%
 232  SRR8541369     0.04%    passed    100.00%
 233  SRR8541371     0.19%    passed     99.67%
 234  SRR8541387     0.38%    passed     99.34%
 235  SRR8541389     0.04%    passed    100.00%
 236  SRR8541403     0.04%    passed    100.00%
 237  SRR8541405     0.13%    passed     99.73%
 238  SRR8541409     0.42%    passed     99.59%
 239  SRR8541411     0.19%    passed     99.95%
 240  SRR8541429     0.14%    passed     99.97%
 241  SRR8541445     0.84%    passed     99.07%
 242  SRR8541470     0.12%    passed     99.83%
 243  SRR8541471     0.05%    passed    100.00%
 244  SRR8541484     0.22%    passed     99.79%
 245  SRR8541494     0.52%    passed     99.90%
 246  SRR8541501     0.53%    passed     98.92%
 247  SRR8541508     0.87%    passed     98.15%
 248  SRR8541509     0.06%    passed     99.95%
 249  SRR8541517     0.11%    passed     99.98%
 250  SRR8541538     0.09%    passed    100.00%
 251  SRR8541549     0.41%    passed     98.28%
 252  SRR8541551     0.04%    passed     99.98%
 253  SRR8541560     0.80%    passed     99.81%
 254  SRR8541563     0.23%    passed     99.92%
 255  SRR8541582     0.14%    passed     99.99%
 256  SRR8541584     0.26%    passed     99.93%
 257  SRR8541588     0.06%    passed    100.00%
 258  SRR8541603     0.24%    passed     99.99%
 259  SRR8541615     0.60%    passed     99.86%
 260  SRR8541645     0.70%    passed     99.60%
 261  SRR8602013     0.04%    passed    100.00%
 262  SRR8602131     0.04%    passed    100.00%
 263  SRR8632516     0.04%    passed     99.99%
 264  SRR8632534     0.13%    passed    100.00%
 265  SRR8663236     0.19%    passed     99.91%
 266  SRR8728087     0.08%    passed    100.00%
 267  SRR8728090     0.07%    passed     99.99%
 268  SRR8767387     0.27%    passed     99.94%
 269  SRR8781984     0.13%    passed     99.95%
 270  SRR8868851     0.32%    passed     99.00%
 271  SRR9028903     0.04%    passed    100.00%
 272  SRR9050387     0.08%    passed    100.00%
 273  SRR9113465     0.04%    passed    100.00%
 274  SRR9160170     0.04%    passed    100.00%
 275  SRR9160197     0.11%    passed     99.98%
 276  SRR9200321     0.08%    passed     99.99%
 277  SRR958491      0.23%    passed     99.99%
 278  SRR958524      0.04%    passed    100.00%
 279  SRR958547      0.05%    passed    100.00%
 280  SRR958560      0.22%    passed     99.92%
 281  SRR958655      0.24%    passed     99.13%
 282  SRR958728      0.33%    passed     99.70%
 283  SRR958788      0.09%    passed     99.98%
 284  SRR9615884     0.08%    passed     99.95%
 285  SRR9615920     0.06%    passed    100.00%
 286  SRR9674864     0.14%    passed    100.00%
 287  SRR9694238     0.09%    passed    100.00%
 288  SRR9734865     0.04%    passed    100.00%
 289  SRR9913760     0.13%    passed     99.95%
 290  SRR9913831     0.85%    passed     95.91%
 291  SRR9913870     0.53%    passed     99.91%
 292  SRR9913887     0.16%    passed     99.95%
 293  SRR9913992     0.04%    passed    100.00%
 294  SRR9913993     0.17%    passed     99.96%
 295  SRR9914184     0.07%    passed    100.00%
 296  SRR9914202     0.09%    passed    100.00%
 297  SRR9943565     0.04%    passed    100.00%
 298  SRR9973679     0.13%    passed     99.96%
 299  SRR9998291     0.07%    passed    100.00%
****  TOTAL          0.22%  2 sequences failed composition chi2 test (p-value<5%; df=3)
NOTE: minimal branch length is reduced to 0.000000035019 for long alignment

Create initial parsimony tree by phylogenetic likelihood library (PLL)... 0.847 seconds
Generating 1000 samples for ultrafast bootstrap (seed: 534641)...

NOTE: 458 MB RAM (0 GB) is required!
Estimate model parameters (epsilon = 0.100)
1. Initial log-likelihood: -4214338.769
2. Current log-likelihood: -4206465.987
3. Current log-likelihood: -4206124.987
4. Current log-likelihood: -4206094.459
5. Current log-likelihood: -4206054.927
6. Current log-likelihood: -4206018.345
7. Current log-likelihood: -4205982.766
8. Current log-likelihood: -4205950.533
9. Current log-likelihood: -4205933.047
10. Current log-likelihood: -4205919.054
11. Current log-likelihood: -4205904.940
12. Current log-likelihood: -4205890.698
13. Current log-likelihood: -4205876.331
14. Current log-likelihood: -4205861.837
15. Current log-likelihood: -4205847.213
16. Current log-likelihood: -4205832.465
17. Current log-likelihood: -4205817.590
18. Current log-likelihood: -4205802.582
19. Current log-likelihood: -4205787.442
20. Current log-likelihood: -4205772.170
21. Current log-likelihood: -4205757.005
22. Current log-likelihood: -4205741.027
23. Current log-likelihood: -4205725.599
24. Current log-likelihood: -4205709.440
25. Current log-likelihood: -4205693.288
26. Current log-likelihood: -4205677.635
27. Current log-likelihood: -4205661.097
28. Current log-likelihood: -4205644.514
29. Current log-likelihood: -4205628.429
30. Current log-likelihood: -4205611.461
31. Current log-likelihood: -4205594.543
32. Current log-likelihood: -4205577.506
33. Current log-likelihood: -4205560.317
34. Current log-likelihood: -4205542.960
35. Current log-likelihood: -4205525.609
36. Current log-likelihood: -4205507.364
37. Current log-likelihood: -4205489.669
38. Current log-likelihood: -4205471.438
39. Current log-likelihood: -4205453.483
40. Current log-likelihood: -4205434.935
41. Current log-likelihood: -4205416.348
42. Current log-likelihood: -4205397.602
43. Current log-likelihood: -4205378.667
44. Current log-likelihood: -4205359.545
45. Current log-likelihood: -4205340.230
46. Current log-likelihood: -4205320.717
47. Current log-likelihood: -4205301.004
48. Current log-likelihood: -4205281.068
49. Current log-likelihood: -4205260.916
50. Current log-likelihood: -4205240.550
51. Current log-likelihood: -4205220.091
52. Current log-likelihood: -4205199.314
53. Current log-likelihood: -4205178.401
54. Current log-likelihood: -4205157.191
55. Current log-likelihood: -4205135.809
56. Current log-likelihood: -4205114.210
57. Current log-likelihood: -4205092.365
58. Current log-likelihood: -4205070.271
59. Current log-likelihood: -4205047.941
60. Current log-likelihood: -4205025.364
61. Current log-likelihood: -4205002.540
62. Current log-likelihood: -4204979.455
63. Current log-likelihood: -4204956.107
64. Current log-likelihood: -4204932.485
65. Current log-likelihood: -4204908.606
66. Current log-likelihood: -4204884.477
67. Current log-likelihood: -4204860.054
68. Current log-likelihood: -4204835.342
69. Current log-likelihood: -4204810.361
70. Current log-likelihood: -4204785.049
71. Current log-likelihood: -4204759.505
72. Current log-likelihood: -4204733.566
73. Current log-likelihood: -4204707.352
74. Current log-likelihood: -4204680.277
75. Current log-likelihood: -4204653.950
76. Current log-likelihood: -4204627.048
77. Current log-likelihood: -4204599.402
78. Current log-likelihood: -4204571.568
79. Current log-likelihood: -4204543.399
80. Current log-likelihood: -4204514.889
81. Current log-likelihood: -4204486.040
82. Current log-likelihood: -4204456.845
83. Current log-likelihood: -4204427.299
84. Current log-likelihood: -4204397.397
85. Current log-likelihood: -4204367.148
86. Current log-likelihood: -4204336.077
87. Current log-likelihood: -4204305.098
88. Current log-likelihood: -4204274.424
89. Current log-likelihood: -4204242.689
90. Current log-likelihood: -4204209.998
91. Current log-likelihood: -4204177.556
92. Current log-likelihood: -4204144.784
93. Current log-likelihood: -4204111.652
94. Current log-likelihood: -4204078.122
95. Current log-likelihood: -4204044.203
96. Current log-likelihood: -4204009.877
97. Current log-likelihood: -4203975.134
98. Current log-likelihood: -4203939.997
99. Current log-likelihood: -4203904.452
Optimal log-likelihood: -4203904.452
Rate parameters:  A-C: 0.93995  A-G: 3.13915  A-T: 0.70062  C-G: 0.39424  C-T: 4.25718  G-T: 1.00000
Base frequencies:  A: 0.235  C: 0.248  G: 0.278  T: 0.238
Site proportion and rates:  (0.319,0.112) (0.299,0.241) (0.297,0.245) (0.085,9.662)
Parameters optimization took 99 rounds (859.765 sec)
Computing ML distances based on estimated model parameters... 5.602 sec
Computing BIONJ tree...
0.063 seconds
Log-likelihood of BIONJ tree: -4204590.816
--------------------------------------------------------------------
|             INITIALIZING CANDIDATE TREE SET                      |
--------------------------------------------------------------------
Generating 98 parsimony trees... 90.673 second
Computing log-likelihood of 98 initial trees ... 48.286 seconds
Current best score: -4203251.024

Do NNI search on 20 best initial trees
Estimate model parameters (epsilon = 0.100)
BETTER TREE FOUND at iteration 1: -4201410.360
Iteration 10 / LogL: -4201551.023 / Time: 0h:32m:9s
Iteration 20 / LogL: -4201789.041 / Time: 0h:34m:7s
Finish initializing candidate tree set (20)
Current best tree score: -4201410.360 / CPU time: 1176.975
Number of iterations: 20
--------------------------------------------------------------------
|               OPTIMIZING CANDIDATE TREE SET                      |
--------------------------------------------------------------------
Iteration 30 / LogL: -4201572.500 / Time: 0h:36m:19s (1h:28m:53s left)
Iteration 40 / LogL: -4201746.497 / Time: 0h:38m:36s (1h:0m:21s left)
Estimate model parameters (epsilon = 0.100)
BETTER TREE FOUND at iteration 43: -4201168.532
Estimate model parameters (epsilon = 0.100)
BETTER TREE FOUND at iteration 45: -4201168.198
Iteration 50 / LogL: -4201275.860 / Time: 0h:48m:34s (1h:34m:8s left)
Log-likelihood cutoff on original alignment: -4201569.591
Iteration 60 / LogL: -4201203.424 / Time: 0h:50m:48s (1h:13m:10s left)
Iteration 70 / LogL: -4201187.701 / Time: 0h:52m:57s (0h:57m:33s left)
Iteration 80 / LogL: -4201338.476 / Time: 0h:55m:11s (0h:45m:23s left)
Iteration 90 / LogL: -4202876.026 / Time: 0h:57m:12s (0h:35m:20s left)
Iteration 100 / LogL: -4201215.789 / Time: 0h:59m:15s (0h:26m:55s left)
Log-likelihood cutoff on original alignment: -4201569.591
NOTE: Bootstrap correlation coefficient of split occurrence frequencies: 0.956
NOTE: UFBoot does not converge, continue at least 100 more iterations
Iteration 110 / LogL: -4201308.320 / Time: 1h:1m:24s (0h:50m:41s left)
Iteration 120 / LogL: -4201201.687 / Time: 1h:3m:29s (0h:42m:40s left)
Iteration 130 / LogL: -4201325.170 / Time: 1h:5m:34s (0h:35m:34s left)
Iteration 140 / LogL: -4201171.426 / Time: 1h:7m:50s (0h:29m:16s left)
Iteration 150 / LogL: -4201203.814 / Time: 1h:9m:54s (0h:23m:27s left)
Log-likelihood cutoff on original alignment: -4201569.591
Iteration 160 / LogL: -4201178.054 / Time: 1h:12m:9s (0h:18m:9s left)
Iteration 170 / LogL: -4202380.090 / Time: 1h:14m:16s (0h:13m:10s left)
Iteration 180 / LogL: -4201247.376 / Time: 1h:16m:33s (0h:8m:33s left)
Estimate model parameters (epsilon = 0.100)
BETTER TREE FOUND at iteration 182: -4201165.922
Iteration 190 / LogL: -4201177.673 / Time: 1h:18m:50s (0h:38m:22s left)
Iteration 200 / LogL: -4208071.927 / Time: 1h:20m:58s (0h:33m:21s left)
Log-likelihood cutoff on original alignment: -4201569.591
NOTE: Bootstrap correlation coefficient of split occurrence frequencies: 0.991
Iteration 210 / LogL: -4201230.190 / Time: 1h:23m:7s (0h:35m:47s left)
Iteration 220 / LogL: -4201166.754 / Time: 1h:25m:13s (0h:31m:7s left)
Iteration 230 / LogL: -4201189.243 / Time: 1h:27m:22s (0h:26m:42s left)
Iteration 240 / LogL: -4201168.349 / Time: 1h:29m:33s (0h:22m:28s left)
Iteration 250 / LogL: -4201171.218 / Time: 1h:31m:44s (0h:18m:25s left)
Log-likelihood cutoff on original alignment: -4201569.591
Estimate model parameters (epsilon = 0.100)
BETTER TREE FOUND at iteration 253: -4201165.141
Iteration 260 / LogL: -4201174.513 / Time: 1h:34m:8s (0h:33m:47s left)
Iteration 270 / LogL: -4201349.790 / Time: 1h:36m:22s (0h:29m:43s left)
Iteration 280 / LogL: -4201188.380 / Time: 1h:38m:32s (0h:25m:46s left)
Iteration 290 / LogL: -4201233.942 / Time: 1h:40m:35s (0h:21m:55s left)
Iteration 300 / LogL: -4201325.473 / Time: 1h:42m:38s (0h:18m:11s left)
Log-likelihood cutoff on original alignment: -4201569.591
NOTE: Bootstrap correlation coefficient of split occurrence frequencies: 0.983
NOTE: UFBoot does not converge, continue at least 100 more iterations
Iteration 310 / LogL: -4202450.956 / Time: 1h:44m:46s (0h:30m:30s left)
Iteration 320 / LogL: -4201167.145 / Time: 1h:46m:56s (0h:26m:48s left)
Iteration 330 / LogL: -4201270.186 / Time: 1h:49m:5s (0h:23m:12s left)
Iteration 340 / LogL: -4201185.320 / Time: 1h:51m:12s (0h:19m:40s left)
Iteration 350 / LogL: -4201167.534 / Time: 1h:53m:23s (0h:16m:14s left)
Log-likelihood cutoff on original alignment: -4201569.591
Iteration 360 / LogL: -4201242.267 / Time: 1h:55m:31s (0h:12m:52s left)
Iteration 370 / LogL: -4201196.406 / Time: 1h:57m:38s (0h:9m:33s left)
Iteration 380 / LogL: -4202266.302 / Time: 1h:59m:45s (0h:6m:19s left)
Iteration 390 / LogL: -4201309.542 / Time: 2h:1m:59s (0h:3m:8s left)
Iteration 400 / LogL: -4201181.650 / Time: 2h:4m:11s (0h:0m:0s left)
Log-likelihood cutoff on original alignment: -4201569.591
NOTE: Bootstrap correlation coefficient of split occurrence frequencies: 0.988
NOTE: UFBoot does not converge, continue at least 100 more iterations
Iteration 410 / LogL: -4201169.217 / Time: 2h:6m:21s (0h:27m:48s left)
Iteration 420 / LogL: -4201174.002 / Time: 2h:8m:26s (0h:24m:31s left)
Iteration 430 / LogL: -4201234.261 / Time: 2h:10m:31s (0h:21m:17s left)
Iteration 440 / LogL: -4201340.913 / Time: 2h:12m:36s (0h:18m:7s left)
Iteration 450 / LogL: -4201246.000 / Time: 2h:14m:57s (0h:15m:1s left)
Log-likelihood cutoff on original alignment: -4201569.591
Iteration 460 / LogL: -4201180.339 / Time: 2h:17m:4s (0h:11m:56s left)
Iteration 470 / LogL: -4201202.854 / Time: 2h:19m:14s (0h:8m:54s left)
Iteration 480 / LogL: -4201218.784 / Time: 2h:21m:18s (0h:5m:53s left)
Iteration 490 / LogL: -4201498.322 / Time: 2h:23m:23s (0h:2m:55s left)
Iteration 500 / LogL: -4201179.919 / Time: 2h:25m:34s (0h:0m:0s left)
Log-likelihood cutoff on original alignment: -4201569.591
NOTE: Bootstrap correlation coefficient of split occurrence frequencies: 0.990
TREE SEARCH COMPLETED AFTER 500 ITERATIONS / Time: 2h:25m:35s

--------------------------------------------------------------------
|                    FINALIZING TREE SEARCH                        |
--------------------------------------------------------------------
Performs final model parameters optimization
Estimate model parameters (epsilon = 0.010)
1. Initial log-likelihood: -4201165.143
2. Current log-likelihood: -4201165.115
3. Current log-likelihood: -4201165.091
4. Current log-likelihood: -4201165.073
5. Current log-likelihood: -4201165.060
Optimal log-likelihood: -4201165.053
Rate parameters:  A-C: 0.94890  A-G: 3.17896  A-T: 0.70701  C-G: 0.38361  C-T: 4.30198  G-T: 1.00000
Base frequencies:  A: 0.235  C: 0.248  G: 0.278  T: 0.238
Site proportion and rates:  (0.350,0.380) (0.324,0.854) (0.323,0.871) (0.002,126.865)
Parameters optimization took 5 rounds (24.964 sec)
BEST SCORE FOUND : -4201165.053
Creating bootstrap support values...
Split supports printed to NEXUS file /projects/AusGEM/Cam/ST127/ST127_pipelord2_results/trees/ST127/CGA_full.splits.nex
Total tree length: 0.008

Total number of iterations: 500
CPU time used for tree search: 7842.354 sec (2h:10m:42s)
Wall-clock time used for tree search: 7865.268 sec (2h:11m:5s)
Total CPU time used: 8733.682 sec (2h:25m:33s)
Total wall-clock time used: 8761.194 sec (2h:26m:1s)

Computing bootstrap consensus tree...
Reading input file /projects/AusGEM/Cam/ST127/ST127_pipelord2_results/trees/ST127/CGA_full.splits.nex...
299 taxa and 1648 splits.
Consensus tree written to /projects/AusGEM/Cam/ST127/ST127_pipelord2_results/trees/ST127/CGA_full.contree
Reading input trees file /projects/AusGEM/Cam/ST127/ST127_pipelord2_results/trees/ST127/CGA_full.contree
Log-likelihood of consensus tree: -4201170.946

Analysis results written to: 
  IQ-TREE report:                /projects/AusGEM/Cam/ST127/ST127_pipelord2_results/trees/ST127/CGA_full.iqtree
  Maximum-likelihood tree:       /projects/AusGEM/Cam/ST127/ST127_pipelord2_results/trees/ST127/CGA_full.treefile
  Likelihood distances:          /projects/AusGEM/Cam/ST127/ST127_pipelord2_results/trees/ST127/CGA_full.mldist

Ultrafast bootstrap approximation results written to:
  Split support values:          /projects/AusGEM/Cam/ST127/ST127_pipelord2_results/trees/ST127/CGA_full.splits.nex
  Consensus tree:                /projects/AusGEM/Cam/ST127/ST127_pipelord2_results/trees/ST127/CGA_full.contree
  Screen log file:               /projects/AusGEM/Cam/ST127/ST127_pipelord2_results/trees/ST127/CGA_full.log

Date and Time: Fri Aug 20 14:54:59 2021
 passed     99.99%
 171  SRR7427138     0.07%    passed     99.94%
 172  SRR7427254     0.07%    passed     99.94%
 173  SRR7659811     0.22%    passed     99.98%
 174  SRR7660780     0.09%    passed     99.98%
 175  SRR7660795     0.08%    passed     99.99%
 176  SRR7690509     0.41%    passed     99.83%
 177  SRR770080      0.36%    passed     99.97%
 178  SRR7786654     0.11%    passed    100.00%
 179  SRR7788262     0.19%    passed     99.90%
 180  SRR7828688     0.45%    passed     98.80%
 181  SRR784018      0.04%    passed    100.00%
 182  SRR784477      0.04%    passed    100.00%
 183  SRR7850962     0.23%    passed    100.00%
 184  SRR7851004     0.32%    passed    100.00%
 185  SRR7851038     0.14%    passed     99.95%
 186  SRR7851039     0.13%    passed     99.92%
 187  SRR7851064     0.06%    passed    100.00%
 188  SRR7851123     0.44%    passed     99.76%
 189  SRR785731      0.20%    passed     99.92%
 190  SRR785941      0.09%    passed     99.97%
 191  SRR786325      0.05%    passed    100.00%
 192  SRR786332      0.05%    passed    100.00%
 193  SRR786338      0.12%    passed     99.99%
 194  SRR7889310     0.08%    passed    100.00%
 195  SRR7904913     0.07%    passed    100.00%
 196  SRR7905454     0.04%    passed    100.00%
 197  SRR7967849     1.83%    passed     80.37%
 198  SRR7967901     0.13%    passed     99.98%
 199  SRR7967904     0.14%    passed     99.75%
 200  SRR7967918     0.14%    passed     99.97%
 201  SRR800414      0.04%    passed    100.00%
 202  SRR800530      0.04%    passed    100.00%
 203  SRR8176790     0.09%    passed     99.99%
 204  SRR8206953     0.05%    passed    100.00%
 205  SRR8284571     0.12%    passed     99.96%
 206  SRR8297621     0.15%    passed     99.97%
 207  SRR8297630     0.24%    passed     99.60%
 208  SRR8360112     0.63%    passed     51.44%
 209  SRR8397521     0.04%    passed     99.99%
 210  SRR8397612     0.06%    passed    100.00%
 211  SRR8533515     0.07%    passed     99.99%
 212  SRR8533526     0.04%    passed     99.98%
 213  SRR8533538     0.05%    passed    100.00%
 214  SRR8533623     0.28%    passed    100.00%
 215  SRR8533717     0.04%    passed    100.00%
 216  SRR8533741     0.76%    passed     99.39%
 217  SRR8533760     0.04%    passed    100.00%
 218  SRR8533796     0.18%    passed     99.98%
 219  SRR8533810     0.08%    passed     99.96%
 220  SRR8533842     0.04%    passed    100.00%
 221  SRR8533893     0.07%    passed    100.00%
 222  SRR8533910     0.23%    passed     99.98%
 223  SRR8533911     0.05%    passed     99.99%
 224  SRR8533913     0.08%    passed     99.93%
 225  SRR8533920     0.04%    passed    100.00%
 226  SRR8541316     0.07%    passed    100.00%
 227  SRR8541325     0.19%    passed     99.99%
 228  SRR8541333     0.04%    passed    100.00%
 229  SRR8541340     0.06%    passed    100.00%
 230  SRR8541341     0.06%    passed    100.00%
 231  SRR8541352     0.75%    passed     98.83%
 232  SRR8541369     0.04%    passed    100.00%
 233  SRR8541371     0.19%    passed     99.67%
 234  SRR8541387     0.38%    passed     99.34%
 235  SRR8541389     0.04%    passed    100.00%
 236  SRR8541403     0.04%    passed    100.00%
 237  SRR8541405     0.13%    passed     99.73%
 238  SRR8541409     0.42%    passed     99.59%
 239  SRR8541411     0.19%    passed     99.95%
 240  SRR8541429     0.14%    passed     99.97%
 241  SRR8541445     0.84%    passed     99.07%
 242  SRR8541470     0.12%    passed     99.83%
 243  SRR8541471     0.05%    passed    100.00%
 244  SRR8541484     0.22%    passed     99.79%
 245  SRR8541494     0.52%    passed     99.90%
 246  SRR8541501     0.53%    passed     98.92%
 247  SRR8541508     0.87%    passed     98.15%
 248  SRR8541509     0.06%    passed     99.95%
 249  SRR8541517     0.11%    passed     99.98%
 250  SRR8541538     0.09%    passed    100.00%
 251  SRR8541549     0.41%    passed     98.28%
 252  SRR8541551     0.04%    passed     99.98%
 253  SRR8541560     0.80%    passed     99.81%
 254  SRR8541563     0.23%    passed     99.92%
 255  SRR8541582     0.14%    passed     99.99%
 256  SRR8541584     0.26%    passed     99.93%
 257  SRR8541588     0.06%    passed    100.00%
 258  SRR8541603     0.24%    passed     99.99%
 259  SRR8541615     0.60%    passed     99.86%
 260  SRR8541645     0.70%    passed     99.60%
 261  SRR8602013     0.04%    passed    100.00%
 262  SRR8602131     0.04%    passed    100.00%
 263  SRR8632516     0.04%    passed     99.99%
 264  SRR8632534     0.13%    passed    100.00%
 265  SRR8663236     0.19%    passed     99.91%
 266  SRR8728087     0.08%    passed    100.00%
 267  SRR8728090     0.07%    passed     99.99%
 268  SRR8767387     0.27%    passed     99.94%
 269  SRR8781984     0.13%    passed     99.95%
 270  SRR8868851     0.32%    passed     99.00%
 271  SRR9028903     0.04%    passed    100.00%
 272  SRR9050387     0.08%    passed    100.00%
 273  SRR9113465     0.04%    passed    100.00%
 274  SRR9160170     0.04%    passed    100.00%
 275  SRR9160197     0.11%    passed     99.98%
 276  SRR9200321     0.08%    passed     99.99%
 277  SRR958491      0.23%    passed     99.99%
 278  SRR958524      0.04%    passed    100.00%
 279  SRR958547      0.05%    passed    100.00%
 280  SRR958560      0.22%    passed     99.92%
 281  SRR958655      0.24%    passed     99.13%
 282  SRR958728      0.33%    passed     99.70%
 283  SRR958788      0.09%    passed     99.98%
 284  SRR9615884     0.08%    passed     99.95%
 285  SRR9615920     0.06%    passed    100.00%
 286  SRR9674864     0.14%    passed    100.00%
 287  SRR9694238     0.09%    passed    100.00%
 288  SRR9734865     0.04%    passed    100.00%
 289  SRR9913760     0.13%    passed     99.95%
 290  SRR9913831     0.85%    passed     95.91%
 291  SRR9913870     0.53%    passed     99.91%
 292  SRR9913887     0.16%    passed     99.95%
 293  SRR9913992     0.04%    passed    100.00%
 294  SRR9913993     0.17%    passed     99.96%
 295  SRR9914184     0.07%    passed    100.00%
 296  SRR9914202     0.09%    passed    100.00%
 297  SRR9943565     0.04%    passed    100.00%
 298  SRR9973679     0.13%    passed     99.96%
 299  SRR9998291     0.07%    passed    100.00%
****  TOTAL          0.22%  2 sequences failed composition chi2 test (p-value<5%; df=3)
NOTE: minimal branch length is reduced to 0.000000035019 for long alignment

CHECKPOINT: Initial tree restored
Generating 1000 samples for ultrafast bootstrap (seed: 138240)...

NOTE: 458 MB RAM (0 GB) is required!
Estimate model parameters (epsilon = 0.100)
1. Initial log-likelihood: -4214338.769
2. Current log-likelihood: -4206465.987
3. Current log-likelihood: -4206124.987
4. Current log-likelihood: -4206094.459
5. Current log-likelihood: -4206054.927
6. Current log-likelihood: -4206018.345
7. Current log-likelihood: -4205982.766
8. Current log-likelihood: -4205950.533
9. Current log-likelihood: -4205933.047
10. Current log-likelihood: -4205919.054
11. Current log-likelihood: -4205904.940
12. Current log-likelihood: -4205890.698
13. Current log-likelihood: -4205876.331
14. Current log-likelihood: -4205861.837
15. Current log-likelihood: -4205847.213
16. Current log-likelihood: -4205832.465
17. Current log-likelihood: -4205817.590
18. Current log-likelihood: -4205802.582
19. Current log-likelihood: -4205787.442
20. Current log-likelihood: -4205772.170
21. Current log-likelihood: -4205757.005
22. Current log-likelihood: -4205741.027
23. Current log-likelihood: -4205725.599
24. Current log-likelihood: -4205709.440
25. Current log-likelihood: -4205693.288
26. Current log-likelihood: -4205677.635
27. Current log-likelihood: -4205661.097
28. Current log-likelihood: -4205644.514
29. Current log-likelihood: -4205628.429
30. Current log-likelihood: -4205611.461
31. Current log-likelihood: -4205594.543
32. Current log-likelihood: -4205577.506
33. Current log-likelihood: -4205560.317
34. Current log-likelihood: -4205542.960
35. Current log-likelihood: -4205525.609
36. Current log-likelihood: -4205507.364
37. Current log-likelihood: -4205489.669
38. Current log-likelihood: -4205471.438
39. Current log-likelihood: -4205453.483
40. Current log-likelihood: -4205434.935
41. Current log-likelihood: -4205416.348
42. Current log-likelihood: -4205397.602
43. Current log-likelihood: -4205378.667
44. Current log-likelihood: -4205359.545
45. Current log-likelihood: -4205340.230
46. Current log-likelihood: -4205320.717
47. Current log-likelihood: -4205301.004
48. Current log-likelihood: -4205281.068
49. Current log-likelihood: -4205260.916
50. Current log-likelihood: -4205240.550
51. Current log-likelihood: -4205220.091
52. Current log-likelihood: -4205199.314
53. Current log-likelihood: -4205178.401
54. Current log-likelihood: -4205157.191
55. Current log-likelihood: -4205135.809
56. Current log-likelihood: -4205114.210
57. Current log-likelihood: -4205092.365
58. Current log-likelihood: -4205070.271
59. Current log-likelihood: -4205047.941
60. Current log-likelihood: -4205025.364
61. Current log-likelihood: -4205002.540
62. Current log-likelihood: -4204979.455
63. Current log-likelihood: -4204956.107
64. Current log-likelihood: -4204932.485
65. Current log-likelihood: -4204908.606
66. Current log-likelihood: -4204884.477
67. Current log-likelihood: -4204860.054
68. Current log-likelihood: -4204835.342
69. Current log-likelihood: -4204810.361
70. Current log-likelihood: -4204785.049
71. Current log-likelihood: -4204759.505
72. Current log-likelihood: -4204733.566
73. Current log-likelihood: -4204707.352
74. Current log-likelihood: -4204680.277
75. Current log-likelihood: -4204653.950
76. Current log-likelihood: -4204627.048
77. Current log-likelihood: -4204599.402
78. Current log-likelihood: -4204571.568
79. Current log-likelihood: -4204543.399
80. Current log-likelihood: -4204514.889
81. Current log-likelihood: -4204486.040
82. Current log-likelihood: -4204456.845
83. Current log-likelihood: -4204427.299
84. Current log-likelihood: -4204397.397
85. Current log-likelihood: -4204367.148
86. Current log-likelihood: -4204336.077
87. Current log-likelihood: -4204305.098
88. Current log-likelihood: -4204274.424
89. Current log-likelihood: -4204242.689
90. Current log-likelihood: -4204209.998
91. Current log-likelihood: -4204177.556
92. Current log-likelihood: -4204144.784
93. Current log-likelihood: -4204111.652
94. Current log-likelihood: -4204078.122
95. Current log-likelihood: -4204044.203
96. Current log-likelihood: -4204009.877
97. Current log-likelihood: -4203975.134
98. Current log-likelihood: -4203939.997
99. Current log-likelihood: -4203904.452
Optimal log-likelihood: -4203904.452
Rate parameters:  A-C: 0.93995  A-G: 3.13915  A-T: 0.70062  C-G: 0.39424  C-T: 4.25718  G-T: 1.00000
Base frequencies:  A: 0.235  C: 0.248  G: 0.278  T: 0.238
Site proportion and rates:  (0.319,0.112) (0.299,0.241) (0.297,0.245) (0.085,9.662)
Parameters optimization took 99 rounds (921.259 sec)
Computing ML distances based on estimated model parameters... 5.574 sec
Computing BIONJ tree...
0.062 seconds
Log-likelihood of BIONJ tree: -4204590.816
--------------------------------------------------------------------
|             INITIALIZING CANDIDATE TREE SET                      |
--------------------------------------------------------------------
Generating 98 parsimony trees... 90.697 second
Computing log-likelihood of 98 initial trees ... 49.820 seconds
Current best score: -4203270.206

Do NNI search on 20 best initial trees
Estimate model parameters (epsilon = 0.100)
BETTER TREE FOUND at iteration 1: -4201448.711
Iteration 10 / LogL: -4201800.808 / Time: 0h:37m:7s
Iteration 20 / LogL: -4201827.720 / Time: 0h:39m:12s
Finish initializing candidate tree set (20)
Current best tree score: -4201448.711 / CPU time: 1421.550
Number of iterations: 20
--------------------------------------------------------------------
|               OPTIMIZING CANDIDATE TREE SET                      |
--------------------------------------------------------------------
Estimate model parameters (epsilon = 0.100)
BETTER TREE FOUND at iteration 29: -4201225.789
Iteration 30 / LogL: -4201380.496 / Time: 0h:54m:4s (3h:4m:34s left)
Estimate model parameters (epsilon = 0.100)
BETTER TREE FOUND at iteration 40: -4201192.535
Iteration 40 / LogL: -4201192.535 / Time: 0h:57m:44s (2h:28m:4s left)
Estimate model parameters (epsilon = 0.100)
BETTER TREE FOUND at iteration 47: -4201123.503
Iteration 50 / LogL: -4201360.041 / Time: 0h:59m:58s (1h:58m:43s left)
Log-likelihood cutoff on original alignment: -4201567.259
Estimate model parameters (epsilon = 0.100)
BETTER TREE FOUND at iteration 54: -4201118.295
Estimate model parameters (epsilon = 0.100)
BETTER TREE FOUND at iteration 57: -4201117.389
Iteration 60 / LogL: -4201202.550 / Time: 1h:2m:38s (1h:42m:59s left)
Iteration 70 / LogL: -4201118.198 / Time: 1h:4m:48s (1h:21m:42s left)
Estimate model parameters (epsilon = 0.100)
BETTER TREE FOUND at iteration 74: -4201116.661
Iteration 80 / LogL: -4201123.964 / Time: 1h:7m:2s (1h:19m:45s left)
Iteration 90 / LogL: -4201223.118 / Time: 1h:9m:17s (1h:5m:23s left)
Estimate model parameters (epsilon = 0.100)
BETTER TREE FOUND at iteration 99: -4201116.187
Iteration 100 / LogL: -4201249.285 / Time: 1h:11m:31s (1h:11m:31s left)
Log-likelihood cutoff on original alignment: -4201415.913
NOTE: Bootstrap correlation coefficient of split occurrence frequencies: 0.889
NOTE: UFBoot does not converge, continue at least 100 more iterations
Iteration 110 / LogL: -4201122.042 / Time: 1h:13m:49s (1h:0m:57s left)
Iteration 120 / LogL: -4201125.653 / Time: 1h:15m:57s (0h:51m:3s left)
Iteration 130 / LogL: -4201117.113 / Time: 1h:18m:15s (0h:42m:28s left)
Estimate model parameters (epsilon = 0.100)
BETTER TREE FOUND at iteration 134: -4201116.156
Iteration 140 / LogL: -4201227.994 / Time: 1h:20m:33s (0h:54m:28s left)
Iteration 150 / LogL: -4201158.928 / Time: 1h:22m:43s (0h:46m:38s left)
Log-likelihood cutoff on original alignment: -4201352.697
Iteration 160 / LogL: -4201277.834 / Time: 1h:24m:53s (0h:39m:30s left)
Iteration 170 / LogL: -4201308.885 / Time: 1h:27m:6s (0h:32m:59s left)
Iteration 180 / LogL: -4201291.734 / Time: 1h:29m:16s (0h:26m:55s left)
Estimate model parameters (epsilon = 0.100)
BETTER TREE FOUND at iteration 184: -4201116.012
Iteration 190 / LogL: -4201195.051 / Time: 1h:31m:32s (0h:45m:31s left)
Iteration 200 / LogL: -4201137.013 / Time: 1h:33m:41s (0h:39m:32s left)
Log-likelihood cutoff on original alignment: -4201352.697
NOTE: Bootstrap correlation coefficient of split occurrence frequencies: 0.990
NOTE: UFBoot does not converge, continue at least 100 more iterations
Iteration 210 / LogL: -4201118.092 / Time: 1h:35m:53s (0h:41m:17s left)
Iteration 220 / LogL: -4201301.187 / Time: 1h:38m:8s (0h:35m:50s left)
Iteration 230 / LogL: -4201161.673 / Time: 1h:40m:22s (0h:30m:40s left)
Iteration 240 / LogL: -4201118.869 / Time: 1h:42m:35s (0h:25m:45s left)
Iteration 250 / LogL: -4201116.507 / Time: 1h:44m:44s (0h:21m:1s left)
Log-likelihood cutoff on original alignment: -4201352.697
Iteration 260 / LogL: -4201137.224 / Time: 1h:46m:49s (0h:16m:29s left)
Iteration 270 / LogL: -4201149.265 / Time: 1h:49m:1s (0h:12m:9s left)
Iteration 280 / LogL: -4201413.779 / Time: 1h:51m:10s (0h:7m:58s left)
Estimate model parameters (epsilon = 0.100)
BETTER TREE FOUND at iteration 283: -4201115.981
Iteration 290 / LogL: -4201247.056 / Time: 1h:53m:30s (0h:36m:31s left)
Iteration 300 / LogL: -4201337.991 / Time: 1h:55m:32s (0h:32m:4s left)
Log-likelihood cutoff on original alignment: -4201352.697
NOTE: Bootstrap correlation coefficient of split occurrence frequencies: 0.996
Iteration 310 / LogL: -4201158.752 / Time: 1h:57m:38s (0h:34m:15s left)
Iteration 320 / LogL: -4201167.375 / Time: 1h:59m:49s (0h:30m:3s left)
Iteration 330 / LogL: -4201176.866 / Time: 2h:2m:4s (0h:25m:58s left)
Iteration 340 / LogL: -4201205.322 / Time: 2h:4m:18s (0h:22m:0s left)
Iteration 350 / LogL: -4201116.476 / Time: 2h:6m:28s (0h:18m:7s left)
Log-likelihood cutoff on original alignment: -4201352.697
Iteration 360 / LogL: -4201117.925 / Time: 2h:8m:46s (0h:14m:20s left)
Iteration 370 / LogL: -4201191.308 / Time: 2h:10m:54s (0h:10m:38s left)
Iteration 380 / LogL: -4201116.632 / Time: 2h:13m:11s (0h:7m:1s left)
TREE SEARCH COMPLETED AFTER 384 ITERATIONS / Time: 2h:14m:2s

--------------------------------------------------------------------
|                    FINALIZING TREE SEARCH                        |
--------------------------------------------------------------------
Performs final model parameters optimization
Estimate model parameters (epsilon = 0.010)
1. Initial log-likelihood: -4201115.981
Optimal log-likelihood: -4201115.976
Rate parameters:  A-C: 0.94974  A-G: 3.18139  A-T: 0.70662  C-G: 0.38496  C-T: 4.30699  G-T: 1.00000
Base frequencies:  A: 0.235  C: 0.248  G: 0.278  T: 0.238
Site proportion and rates:  (0.351,0.378) (0.325,0.864) (0.323,0.883) (0.002,130.375)
Parameters optimization took 1 rounds (6.524 sec)
BEST SCORE FOUND : -4201115.976
Creating bootstrap support values...
Split supports printed to NEXUS file /projects/AusGEM/Cam/ST127/ST127_pipelord2_results/trees/ST127/CGA_full.splits.nex
Total tree length: 0.008

Total number of iterations: 384
CPU time used for tree search: 7089.643 sec (1h:58m:9s)
Wall-clock time used for tree search: 7111.988 sec (1h:58m:31s)
Total CPU time used: 8022.150 sec (2h:13m:42s)
Total wall-clock time used: 8050.203 sec (2h:14m:10s)

Computing bootstrap consensus tree...
Reading input file /projects/AusGEM/Cam/ST127/ST127_pipelord2_results/trees/ST127/CGA_full.splits.nex...
299 taxa and 1426 splits.
Consensus tree written to /projects/AusGEM/Cam/ST127/ST127_pipelord2_results/trees/ST127/CGA_full.contree
Reading input trees file /projects/AusGEM/Cam/ST127/ST127_pipelord2_results/trees/ST127/CGA_full.contree
Log-likelihood of consensus tree: -4201125.630

Analysis results written to: 
  IQ-TREE report:                /projects/AusGEM/Cam/ST127/ST127_pipelord2_results/trees/ST127/CGA_full.iqtree
  Maximum-likelihood tree:       /projects/AusGEM/Cam/ST127/ST127_pipelord2_results/trees/ST127/CGA_full.treefile
  Likelihood distances:          /projects/AusGEM/Cam/ST127/ST127_pipelord2_results/trees/ST127/CGA_full.mldist

Ultrafast bootstrap approximation results written to:
  Split support values:          /projects/AusGEM/Cam/ST127/ST127_pipelord2_results/trees/ST127/CGA_full.splits.nex
  Consensus tree:                /projects/AusGEM/Cam/ST127/ST127_pipelord2_results/trees/ST127/CGA_full.contree
  Screen log file:               /projects/AusGEM/Cam/ST127/ST127_pipelord2_results/trees/ST127/CGA_full.log

Date and Time: Fri Aug 20 14:57:18 2021
