IQ-TREE multicore version 2.0.3 for Linux 64-bit built Dec 20 2020
Developed by Bui Quang Minh, Nguyen Lam Tung, Olga Chernomor,
Heiko Schmidt, Dominik Schrempf, Michael Woodhams.

Host:    jupiter11.ihpc.uts.edu.au (AVX2, FMA3, 503 GB RAM)
Command: iqtree -s /projects/AusGEM/Cam/ST127/ST127_pipelord2_results/snp_sites/ST127_outgroup/core_gene_alignment_snp_sites.aln -pre /projects/AusGEM/Cam/ST127/ST127_pipelord2_results/trees/ST127_outgroup/CGA_snp_sites -m GTR+ASC+F+R -bb 1000
Seed:    982428 (Using SPRNG - Scalable Parallel Random Number Generator)
Time:    Fri Aug 20 19:31:46 2021
Kernel:  AVX+FMA - 1 threads (64 CPU cores detected)

HINT: Use -nt option to specify number of threads because your CPU has 64 cores!
HINT: -nt AUTO will automatically determine the best number of threads to use.

Reading alignment file /projects/AusGEM/Cam/ST127/ST127_pipelord2_results/snp_sites/ST127_outgroup/core_gene_alignment_snp_sites.aln ... Fasta format detected
Alignment most likely contains DNA/RNA sequences
Alignment has 300 sequences with 11714 columns, 2662 distinct patterns
5066 parsimony-informative, 6648 singleton sites, 0 constant sites
             Gap/Ambiguity  Composition  p-value
   1  2009_46        0.00%    passed     99.38%
   2  2011_83        0.00%    passed     99.77%
   3  2011_89        0.00%    passed     99.77%
   4  2011_92        0.00%    passed     99.69%
   5  2011_97        0.00%    passed     99.77%
   6  ERR1981376     0.00%    passed     99.68%
   7  ERR2935427     0.00%    passed     99.62%
   8  ERR2935619     0.00%    passed     99.91%
   9  ERR3328492     0.00%    passed     29.11%
  10  ERR3330570     0.00%    passed     99.64%
  11  HOS23          0.00%    passed     50.59%
  12  HOS35          0.00%    passed     56.09%
  13  MVC107         0.00%    passed     99.92%
  14  MVC198         0.00%    passed     98.89%
  15  MVC285         0.00%    passed     99.97%
  16  MVC295         0.00%    passed     99.89%
  17  MVC306         0.00%    passed     99.94%
  18  MVC32          0.00%    passed     99.15%
  19  MVC330         0.00%    passed     99.80%
  20  MVC347         0.00%    passed     99.75%
  21  MVC35          0.00%    passed     99.15%
  22  MVC386         0.00%    passed     58.98%
  23  MVC424         0.00%    passed     99.82%
  24  MVC481         0.00%    passed     99.62%
  25  MVC486         0.00%    passed     99.78%
  26  MVC513         0.00%    passed     99.95%
  27  MVC523         0.00%    passed     99.90%
  28  MVC524         0.00%    passed     99.90%
  29  MVC556         0.00%    passed     31.45%
  30  MVC599         0.00%    passed     99.83%
  31  MVC623         0.00%    passed     50.97%
  32  MVC666         0.00%    passed     99.91%
  33  MVC715         0.00%    passed     99.98%
  34  MVC746         0.00%    passed     99.98%
  35  MVC9           0.00%    passed     52.02%
  36  SRR10085551    0.00%    passed     99.96%
  37  SRR10085762    0.00%    passed     99.91%
  38  SRR10094049    0.00%    passed     99.50%
  39  SRR10094634    0.00%    passed     98.83%
  40  SRR10098856    0.00%    passed     99.33%
  41  SRR10126775    0.00%    passed     99.27%
  42  SRR10126811    0.00%    passed     99.23%
  43  SRR10127045    0.00%    passed     99.40%
  44  SRR10198855    0.00%    passed     99.68%
  45  SRR10257842    0.00%    passed     87.99%
  46  SRR10257910    0.00%    passed     99.70%
  47  SRR10258168    0.00%    passed     99.77%
  48  SRR10286270    0.00%    passed     62.57%
  49  SRR10380975    0.00%    passed     99.70%
  50  SRR10384915    0.00%    passed     99.66%
  51  SRR10385124    0.00%    passed     99.88%
  52  SRR10419814    0.00%    passed     99.04%
  53  SRR10502096    0.00%    passed     99.04%
  54  SRR10535869    0.00%    passed     99.00%
  55  SRR10810139    0.00%    passed     99.02%
  56  SRR10810359    0.00%    passed     99.74%
  57  SRR10947498    0.00%    passed     75.98%
  58  SRR11014951    0.00%    passed     94.81%
  59  SRR11014952    0.00%    passed     93.27%
  60  SRR11014953    0.00%    passed     93.48%
  61  SRR11014954    0.00%    passed     92.91%
  62  SRR11014955    0.00%    passed     93.48%
  63  SRR11029659    0.00%    passed     98.17%
  64  SRR11031167    0.00%    passed     99.90%
  65  SRR11080871    0.00%    passed     99.75%
  66  SRR11094157    0.00%    passed     56.76%
  67  SRR11101180    0.00%    passed     99.90%
  68  SRR11281512    0.00%    passed     99.32%
  69  SRR11281536    0.00%    passed     99.90%
  70  SRR11319484    0.00%    passed     99.86%
  71  SRR11319493    0.00%    passed     89.14%
  72  SRR11341635    0.00%    passed     59.51%
  73  SRR11354616    0.00%    passed    100.00%
  74  SRR11410512    0.00%    passed     99.57%
  75  SRR11410516    0.00%    passed     99.57%
  76  SRR11410518    0.00%    passed     99.57%
  77  SRR11410526    0.00%    passed     99.57%
  78  SRR11410527    0.00%    passed     99.57%
  79  SRR11443130    0.00%    passed     99.51%
  80  SRR11484320    0.00%    passed     99.66%
  81  SRR11484321    0.00%    passed     93.00%
  82  SRR11484381    0.00%    passed     99.91%
  83  SRR11484420    0.00%    passed     99.97%
  84  SRR11484451    0.00%    passed     97.94%
  85  SRR11484511    0.00%    passed     99.98%
  86  SRR11484521    0.00%    passed     98.11%
  87  SRR11484588    0.00%    passed     99.82%
  88  SRR11484630    0.00%    passed     99.59%
  89  SRR11484637    0.00%    passed     99.94%
  90  SRR11484664    0.00%    passed     99.97%
  91  SRR11484667    0.00%    passed     99.47%
  92  SRR11484688    0.00%    passed     98.95%
  93  SRR11484689    0.00%    passed     99.95%
  94  SRR11484738    0.00%    passed     99.86%
  95  SRR11484745    0.00%    passed    100.00%
  96  SRR11484776    0.00%    passed     99.92%
  97  SRR11487790    0.00%    passed     99.04%
  98  SRR11487860    0.00%    passed     99.64%
  99  SRR11594617    0.00%    passed     98.87%
 100  SRR1314338     0.00%    passed     99.87%
 101  SRR1314351     0.00%    passed     99.83%
 102  SRR1314354     0.00%    passed     99.94%
 103  SRR1314357     0.00%    passed     99.85%
 104  SRR1314374     0.00%    passed     99.91%
 105  SRR1314380     0.00%    passed     99.74%
 106  SRR1314392     0.00%    passed     99.82%
 107  SRR1314407     0.00%    passed     99.72%
 108  SRR1314451     0.00%    passed     99.99%
 109  SRR1314452     0.00%    passed     98.89%
 110  SRR1314454     0.00%    passed     98.02%
 111  SRR1314529     0.00%    passed     99.90%
 112  SRR1314578     0.00%    passed     99.54%
 113  SRR1314582     0.00%    passed     99.64%
 114  SRR1610067     0.00%    passed     97.70%
 115  SRR3050953     0.00%    passed     99.98%
 116  SRR3051010     0.00%    passed     99.77%
 117  SRR3098794     0.00%    passed     88.82%
 118  SRR3136824     0.00%    passed     99.84%
 119  SRR3178418     0.00%    passed     99.56%
 120  SRR3221963     0.00%    passed     99.90%
 121  SRR3345807     0.00%    passed     99.84%
 122  SRR3465509     0.00%    passed     98.78%
 123  SRR3545384     0.00%    passed     99.92%
 124  SRR3574241     0.00%    passed     98.60%
 125  SRR3578629     0.00%    passed     98.98%
 126  SRR3578642     0.00%    passed     99.99%
 127  SRR3578806     0.00%    passed     99.99%
 128  SRR3578974     0.00%    passed     99.71%
 129  SRR3581327     0.00%    passed    100.00%
 130  SRR3987643     0.00%    passed     99.51%
 131  SRR3987645     0.00%    passed     99.96%
 132  SRR3987715     0.00%    passed     99.99%
 133  SRR3988040     0.00%    passed     99.39%
 134  SRR3993809     0.00%    passed     99.85%
 135  SRR3993865     0.00%    passed     99.88%
 136  SRR4067488     0.00%    passed     99.99%
 137  SRR4184853     0.00%    passed     99.92%
 138  SRR4263053     0.00%    passed     99.81%
 139  SRR5017485     0.00%    passed     99.44%
 140  SRR5336297     0.00%    passed     96.07%
 141  SRR5928752     0.00%    passed     99.31%
 142  SRR6161046     0.00%    passed     99.95%
 143  SRR6463486     0.00%    passed     99.98%
 144  SRR6701896     0.00%    passed     99.44%
 145  SRR6742588     0.00%    passed     99.89%
 146  SRR6761140     0.00%    passed     99.85%
 147  SRR6902707     0.00%    passed     99.99%
 148  SRR6930493     0.00%    passed     99.99%
 149  SRR6930872     0.00%    passed     99.99%
 150  SRR6978939     0.00%    passed    100.00%
 151  SRR7064469     0.00%    passed     97.02%
 152  SRR7064605     0.00%    passed     99.81%
 153  SRR7209046     0.00%    passed     98.45%
 154  SRR7211957     0.00%    passed    100.00%
 155  SRR7211963     0.00%    passed     99.95%
 156  SRR7211968     0.00%    passed     99.98%
 157  SRR7221255     0.00%    passed     97.74%
 158  SRR7236573     0.00%    passed     99.76%
 159  SRR7283674     0.00%    passed     98.45%
 160  SRR7304275     0.00%    passed     98.89%
 161  SRR7304278     0.00%    passed     99.98%
 162  SRR7304279     0.00%    passed     99.98%
 163  SRR7304280     0.00%    passed     99.86%
 164  SRR7304281     0.00%    passed     98.20%
 165  SRR7304452     0.00%    passed     99.94%
 166  SRR7304453     0.00%    passed     99.80%
 167  SRR7304454     0.00%    passed     99.88%
 168  SRR7304455     0.00%    passed     99.72%
 169  SRR7304456     0.00%    passed     99.78%
 170  SRR7304457     0.00%    passed     99.91%
 171  SRR7304461     0.00%    passed     99.47%
 172  SRR7427138     0.00%    passed     93.29%
 173  SRR7427254     0.00%    passed     93.29%
 174  SRR7659811     0.00%    passed     98.97%
 175  SRR7660780     0.00%    passed     62.24%
 176  SRR7660795     0.00%    passed     63.36%
 177  SRR7690509     0.00%    passed     58.90%
 178  SRR770080      0.00%    passed     99.99%
 179  SRR7786654     0.00%    passed     99.88%
 180  SRR7788262     0.00%    passed     93.86%
 181  SRR7828688     0.00%    passed     99.25%
 182  SRR784018      0.00%    passed     99.90%
 183  SRR784477      0.00%    passed     99.50%
 184  SRR7850962     0.00%    passed     99.99%
 185  SRR7851004     0.00%    passed     99.42%
 186  SRR7851038     0.00%    passed     99.04%
 187  SRR7851039     0.00%    passed     99.45%
 188  SRR7851064     0.00%    passed     99.88%
 189  SRR7851123     0.00%    passed     99.33%
 190  SRR785731      0.00%    passed     99.82%
 191  SRR785941      0.00%    passed     99.97%
 192  SRR786325      0.00%    passed     94.46%
 193  SRR786332      0.00%    passed     99.93%
 194  SRR786338      0.00%    passed     99.51%
 195  SRR7889310     0.00%    passed     99.83%
 196  SRR7904913     0.00%    passed     99.67%
 197  SRR7905454     0.00%    passed     99.75%
 198  SRR7967849     0.00%    passed     98.94%
 199  SRR7967901     0.00%    passed     98.79%
 200  SRR7967904     0.00%    passed     58.38%
 201  SRR7967918     0.00%    passed     98.98%
 202  SRR800414      0.00%    passed     99.53%
 203  SRR800530      0.00%    passed     99.98%
 204  SRR8176790     0.00%    passed     99.72%
 205  SRR8206953     0.00%    passed     98.24%
 206  SRR8284571     0.00%    passed     99.93%
 207  SRR8297621     0.00%    passed     99.97%
 208  SRR8297630     0.00%    passed     97.27%
 209  SRR8360112     0.00%    passed     49.11%
 210  SRR8397521     0.00%    passed     98.02%
 211  SRR8397612     0.00%    passed     98.37%
 212  SRR8533515     0.00%    passed     99.36%
 213  SRR8533526     0.00%    passed     48.59%
 214  SRR8533538     0.00%    passed     98.00%
 215  SRR8533623     0.00%    passed     99.93%
 216  SRR8533717     0.00%    passed     99.61%
 217  SRR8533741     0.00%    passed     99.61%
 218  SRR8533760     0.00%    passed     99.74%
 219  SRR8533796     0.00%    passed     99.81%
 220  SRR8533810     0.00%    passed     99.60%
 221  SRR8533842     0.00%    passed     99.85%
 222  SRR8533893     0.00%    passed     99.83%
 223  SRR8533910     0.00%    passed     98.57%
 224  SRR8533911     0.00%    passed     99.29%
 225  SRR8533913     0.00%    passed     99.88%
 226  SRR8533920     0.00%    passed     99.98%
 227  SRR8541316     0.00%    passed     99.87%
 228  SRR8541325     0.00%    passed     98.72%
 229  SRR8541333     0.00%    passed     99.70%
 230  SRR8541340     0.00%    passed     99.67%
 231  SRR8541341     0.00%    passed     99.98%
 232  SRR8541352     0.00%    passed     99.93%
 233  SRR8541369     0.00%    passed     99.85%
 234  SRR8541371     0.00%    passed     99.85%
 235  SRR8541387     0.00%    passed     94.26%
 236  SRR8541389     0.00%    passed     99.98%
 237  SRR8541403     0.00%    passed     99.83%
 238  SRR8541405     0.00%    passed     99.75%
 239  SRR8541409     0.00%    passed     93.37%
 240  SRR8541411     0.00%    passed     99.86%
 241  SRR8541429     0.00%    passed     99.75%
 242  SRR8541445     0.00%    passed     99.95%
 243  SRR8541470     0.00%    passed     99.94%
 244  SRR8541471     0.00%    passed     99.77%
 245  SRR8541484     0.00%    passed     99.52%
 246  SRR8541494     0.00%    passed     99.04%
 247  SRR8541501     0.00%    passed     99.67%
 248  SRR8541508     0.00%    passed     99.31%
 249  SRR8541509     0.00%    passed     46.59%
 250  SRR8541517     0.00%    passed     99.99%
 251  SRR8541538     0.00%    passed     99.83%
 252  SRR8541549     0.00%    passed     99.00%
 253  SRR8541551     0.00%    passed     30.63%
 254  SRR8541560     0.00%    passed     98.85%
 255  SRR8541563     0.00%    passed     24.37%
 256  SRR8541582     0.00%    passed     99.72%
 257  SRR8541584     0.00%    passed     99.65%
 258  SRR8541588     0.00%    passed     99.82%
 259  SRR8541603     0.00%    passed     99.94%
 260  SRR8541615     0.00%    passed     99.75%
 261  SRR8541645     0.00%    passed     99.67%
 262  SRR8602013     0.00%    passed     99.96%
 263  SRR8602131     0.00%    passed     99.96%
 264  SRR8632516     0.00%    passed     70.77%
 265  SRR8632534     0.00%    passed     59.26%
 266  SRR8663236     0.00%    passed     93.86%
 267  SRR8728087     0.00%    passed     98.84%
 268  SRR8728090     0.00%    passed     99.67%
 269  SRR8767387     0.00%    passed     98.10%
 270  SRR8781984     0.00%    passed     99.92%
 271  SRR8868851     0.00%    passed     99.64%
 272  SRR9028903     0.00%    passed     99.72%
 273  SRR9050387     0.00%    passed     99.65%
 274  SRR9113465     0.00%    passed     99.90%
 275  SRR9160170     0.00%    passed     99.79%
 276  SRR9160197     0.00%    passed     99.98%
 277  SRR9200321     0.00%    passed     99.70%
 278  SRR958491      0.00%    passed     99.94%
 279  SRR958524      0.00%    passed     99.94%
 280  SRR958547      0.00%    passed     91.21%
 281  SRR958560      0.00%    passed     94.96%
 282  SRR958655      0.00%    passed     93.11%
 283  SRR958728      0.00%    passed     99.91%
 284  SRR958788      0.00%    passed     99.93%
 285  SRR9615884     0.00%    passed     99.69%
 286  SRR9615920     0.00%    passed     99.80%
 287  SRR9674864     0.00%    passed     98.58%
 288  SRR9694238     0.00%    passed     98.44%
 289  SRR9734865     0.00%    passed     99.55%
 290  SRR9913760     0.00%    passed     49.26%
 291  SRR9913831     0.00%    passed     96.07%
 292  SRR9913870     0.00%    passed     96.45%
 293  SRR9913887     0.00%    passed     50.16%
 294  SRR9913992     0.00%    passed     99.07%
 295  SRR9913993     0.00%    passed     99.74%
 296  SRR9914184     0.00%    passed     98.88%
 297  SRR9914202     0.00%    passed     99.78%
 298  SRR9943565     0.00%    passed     99.87%
 299  SRR9973679     0.00%    passed     99.96%
 300  SRR9998291     0.00%    passed     99.49%
****  TOTAL          0.00%  0 sequences failed composition chi2 test (p-value<5%; df=3)
NOTE: 2011_89 is identical to 2011_83 but kept for subsequent analysis
NOTE: MVC35 is identical to MVC32 but kept for subsequent analysis
NOTE: MVC524 is identical to MVC523 but kept for subsequent analysis
NOTE: SRR11014955 is identical to SRR11014953 but kept for subsequent analysis
NOTE: SRR11410516 is identical to SRR11410512 but kept for subsequent analysis
NOTE: SRR9913831 is identical to SRR5336297 but kept for subsequent analysis
NOTE: SRR6930493 is identical to SRR6902707 but kept for subsequent analysis
NOTE: SRR7283674 is identical to SRR7209046 but kept for subsequent analysis
NOTE: SRR7427254 is identical to SRR7427138 but kept for subsequent analysis
NOTE: SRR8663236 is identical to SRR7788262 but kept for subsequent analysis
NOTE: SRR8602131 is identical to SRR8602013 but kept for subsequent analysis
NOTE: 5 identical sequences (see below) will be ignored for subsequent analysis
NOTE: 2011_97 (identical to 2011_83) is ignored but added at the end
NOTE: SRR11410518 (identical to SRR11410512) is ignored but added at the end
NOTE: SRR11410526 (identical to SRR11410512) is ignored but added at the end
NOTE: SRR11410527 (identical to SRR11410512) is ignored but added at the end
NOTE: SRR6930872 (identical to SRR6902707) is ignored but added at the end
Alignment was printed to /projects/AusGEM/Cam/ST127/ST127_pipelord2_results/trees/ST127_outgroup/CGA_snp_sites.uniqueseq.phy

For your convenience alignment with unique sequences printed to /projects/AusGEM/Cam/ST127/ST127_pipelord2_results/trees/ST127_outgroup/CGA_snp_sites.uniqueseq.phy

Create initial parsimony tree by phylogenetic likelihood library (PLL)... 0.475 seconds
Generating 1000 samples for ultrafast bootstrap (seed: 982428)...

NOTE: 112 MB RAM (0 GB) is required!
Estimate model parameters (epsilon = 0.100)
1. Initial log-likelihood: -99692.006
2. Current log-likelihood: -89303.393
3. Current log-likelihood: -89179.332
4. Current log-likelihood: -89174.036
5. Current log-likelihood: -89170.505
6. Current log-likelihood: -89166.687
7. Current log-likelihood: -89163.239
8. Current log-likelihood: -89159.742
9. Current log-likelihood: -89156.309
10. Current log-likelihood: -89153.105
11. Current log-likelihood: -89149.912
12. Current log-likelihood: -89146.836
13. Current log-likelihood: -89143.978
14. Current log-likelihood: -89140.990
15. Current log-likelihood: -89138.098
16. Current log-likelihood: -89135.482
17. Current log-likelihood: -89133.027
18. Current log-likelihood: -89130.603
19. Current log-likelihood: -89128.225
20. Current log-likelihood: -89125.818
21. Current log-likelihood: -89123.278
22. Current log-likelihood: -89120.993
23. Current log-likelihood: -89118.242
24. Current log-likelihood: -89115.510
25. Current log-likelihood: -89112.869
26. Current log-likelihood: -89110.447
27. Current log-likelihood: -89108.281
28. Current log-likelihood: -89106.362
29. Current log-likelihood: -89104.522
30. Current log-likelihood: -89102.844
31. Current log-likelihood: -89101.169
32. Current log-likelihood: -89099.588
33. Current log-likelihood: -89098.036
34. Current log-likelihood: -89096.449
35. Current log-likelihood: -89095.009
36. Current log-likelihood: -89093.687
37. Current log-likelihood: -89092.439
38. Current log-likelihood: -89091.358
39. Current log-likelihood: -89090.418
40. Current log-likelihood: -89089.511
41. Current log-likelihood: -89088.748
42. Current log-likelihood: -89088.071
43. Current log-likelihood: -89087.483
44. Current log-likelihood: -89086.969
45. Current log-likelihood: -89086.398
46. Current log-likelihood: -89085.941
47. Current log-likelihood: -89085.553
48. Current log-likelihood: -89085.290
49. Current log-likelihood: -89084.953
50. Current log-likelihood: -89084.851
51. Current log-likelihood: -89084.749
Optimal log-likelihood: -89084.566
Rate parameters:  A-C: 0.90646  A-G: 3.74609  A-T: 0.88090  C-G: 0.24350  C-T: 3.47796  G-T: 1.00000
Base frequencies:  A: 0.183  C: 0.312  G: 0.283  T: 0.222
Site proportion and rates:  (0.352,0.934) (0.378,0.948) (0.268,1.033) (0.002,20.197)
Parameters optimization took 51 rounds (85.093 sec)
Computing ML distances based on estimated model parameters... 1.593 sec
Computing BIONJ tree...
0.060 seconds
Log-likelihood of BIONJ tree: -88730.833
--------------------------------------------------------------------
|             INITIALIZING CANDIDATE TREE SET                      |
--------------------------------------------------------------------
Generating 98 parsimony trees... 49.017 second
Computing log-likelihood of 98 initial trees ... 15.480 seconds
Current best score: -88730.833

Do NNI search on 20 best initial trees
Estimate model parameters (epsilon = 0.100)
BETTER TREE FOUND at iteration 1: -88607.434
Estimate model parameters (epsilon = 0.100)
BETTER TREE FOUND at iteration 3: -88445.827
Iteration 10 / LogL: -88515.889 / Time: 0h:6m:7s
Iteration 20 / LogL: -88553.615 / Time: 0h:9m:29s
Finish initializing candidate tree set (20)
Current best tree score: -88445.827 / CPU time: 477.584
Number of iterations: 20
--------------------------------------------------------------------
|               OPTIMIZING CANDIDATE TREE SET                      |
--------------------------------------------------------------------
Iteration 30 / LogL: -88492.660 / Time: 0h:11m:11s (0h:28m:10s left)
Iteration 40 / LogL: -88695.856 / Time: 0h:12m:45s (0h:20m:35s left)
Iteration 50 / LogL: -88545.247 / Time: 0h:14m:43s (0h:15m:54s left)
Log-likelihood cutoff on original alignment: -88593.498
Iteration 60 / LogL: -88769.958 / Time: 0h:16m:43s (0h:12m:10s left)
Iteration 70 / LogL: -88494.776 / Time: 0h:18m:26s (0h:8m:48s left)
Iteration 80 / LogL: -88599.961 / Time: 0h:19m:57s (0h:5m:48s left)
Iteration 90 / LogL: -88469.029 / Time: 0h:22m:8s (0h:3m:14s left)
Iteration 100 / LogL: -88533.029 / Time: 0h:24m:15s (0h:0m:44s left)
Log-likelihood cutoff on original alignment: -88593.498
NOTE: Bootstrap correlation coefficient of split occurrence frequencies: 0.999
TREE SEARCH COMPLETED AFTER 104 ITERATIONS / Time: 0h:25m:7s

--------------------------------------------------------------------
|                    FINALIZING TREE SEARCH                        |
--------------------------------------------------------------------
Performs final model parameters optimization
Estimate model parameters (epsilon = 0.010)
1. Initial log-likelihood: -88445.827
2. Current log-likelihood: -88445.808
3. Current log-likelihood: -88445.784
4. Current log-likelihood: -88445.763
5. Current log-likelihood: -88445.742
6. Current log-likelihood: -88445.723
7. Current log-likelihood: -88445.706
8. Current log-likelihood: -88445.688
9. Current log-likelihood: -88445.672
10. Current log-likelihood: -88445.657
11. Current log-likelihood: -88445.644
12. Current log-likelihood: -88445.633
Optimal log-likelihood: -88445.623
Rate parameters:  A-C: 0.90824  A-G: 3.72085  A-T: 0.88050  C-G: 0.24397  C-T: 3.48750  G-T: 1.00000
Base frequencies:  A: 0.183  C: 0.312  G: 0.283  T: 0.222
Site proportion and rates:  (0.355,0.835) (0.344,0.847) (0.300,1.275) (0.001,38.774)
Parameters optimization took 12 rounds (9.705 sec)
BEST SCORE FOUND : -88445.623
Creating bootstrap support values...
Split supports printed to NEXUS file /projects/AusGEM/Cam/ST127/ST127_pipelord2_results/trees/ST127_outgroup/CGA_snp_sites.splits.nex
Total tree length: 0.182

Total number of iterations: 104
CPU time used for tree search: 1410.776 sec (0h:23m:30s)
Wall-clock time used for tree search: 1416.056 sec (0h:23m:36s)
Total CPU time used: 1512.308 sec (0h:25m:12s)
Total wall-clock time used: 1518.010 sec (0h:25m:18s)

Computing bootstrap consensus tree...
Reading input file /projects/AusGEM/Cam/ST127/ST127_pipelord2_results/trees/ST127_outgroup/CGA_snp_sites.splits.nex...
295 taxa and 2093 splits.
Consensus tree written to /projects/AusGEM/Cam/ST127/ST127_pipelord2_results/trees/ST127_outgroup/CGA_snp_sites.contree
Reading input trees file /projects/AusGEM/Cam/ST127/ST127_pipelord2_results/trees/ST127_outgroup/CGA_snp_sites.contree
Log-likelihood of consensus tree: -88462.784

Analysis results written to: 
  IQ-TREE report:                /projects/AusGEM/Cam/ST127/ST127_pipelord2_results/trees/ST127_outgroup/CGA_snp_sites.iqtree
  Maximum-likelihood tree:       /projects/AusGEM/Cam/ST127/ST127_pipelord2_results/trees/ST127_outgroup/CGA_snp_sites.treefile
  Likelihood distances:          /projects/AusGEM/Cam/ST127/ST127_pipelord2_results/trees/ST127_outgroup/CGA_snp_sites.mldist

Ultrafast bootstrap approximation results written to:
  Split support values:          /projects/AusGEM/Cam/ST127/ST127_pipelord2_results/trees/ST127_outgroup/CGA_snp_sites.splits.nex
  Consensus tree:                /projects/AusGEM/Cam/ST127/ST127_pipelord2_results/trees/ST127_outgroup/CGA_snp_sites.contree
  Screen log file:               /projects/AusGEM/Cam/ST127/ST127_pipelord2_results/trees/ST127_outgroup/CGA_snp_sites.log

Date and Time: Fri Aug 20 19:57:09 2021
