IQ-TREE multicore version 2.0.3 for Linux 64-bit built Dec 20 2020
Developed by Bui Quang Minh, Nguyen Lam Tung, Olga Chernomor,
Heiko Schmidt, Dominik Schrempf, Michael Woodhams.

Host:    jupiter11.ihpc.uts.edu.au (AVX2, FMA3, 503 GB RAM)
Command: iqtree -s /projects/AusGEM/Cam/ST127/ST127_pipelord2_results/snp_sites/ST127/core_gene_alignment_snp_sites.aln -pre /projects/AusGEM/Cam/ST127/ST127_pipelord2_results/trees/ST127/CGA_snp_sites -m GTR+ASC+F+R -bb 1000
Seed:    541419 (Using SPRNG - Scalable Parallel Random Number Generator)
Time:    Fri Aug 20 12:41:46 2021
Kernel:  AVX+FMA - 1 threads (64 CPU cores detected)

HINT: Use -nt option to specify number of threads because your CPU has 64 cores!
HINT: -nt AUTO will automatically determine the best number of threads to use.

Reading alignment file /projects/AusGEM/Cam/ST127/ST127_pipelord2_results/snp_sites/ST127/core_gene_alignment_snp_sites.aln ... Fasta format detected
Alignment most likely contains DNA/RNA sequences
Alignment has 299 sequences with 11907 columns, 2692 distinct patterns
5118 parsimony-informative, 6789 singleton sites, 0 constant sites
             Gap/Ambiguity  Composition  p-value
   1  2009_46        0.00%    passed     99.45%
   2  2011_83        0.00%    passed     99.75%
   3  2011_89        0.00%    passed     99.75%
   4  2011_92        0.00%    passed     99.73%
   5  2011_97        0.00%    passed     99.75%
   6  ERR1981376     0.00%    passed     99.68%
   7  ERR2935427     0.00%    passed     99.71%
   8  ERR2935619     0.00%    passed     99.89%
   9  ERR3328492     0.00%    passed     30.44%
  10  ERR3330570     0.00%    passed     99.45%
  11  HOS23          0.00%    passed     50.77%
  12  HOS35          0.00%    passed     56.96%
  13  MVC198         0.00%    passed     98.44%
  14  MVC285         0.00%    passed     99.96%
  15  MVC295         0.00%    passed     99.89%
  16  MVC306         0.00%    passed     99.94%
  17  MVC32          0.00%    passed     99.17%
  18  MVC330         0.00%    passed     99.83%
  19  MVC347         0.00%    passed     99.75%
  20  MVC35          0.00%    passed     99.17%
  21  MVC386         0.00%    passed     60.40%
  22  MVC424         0.00%    passed     99.71%
  23  MVC481         0.00%    passed     99.55%
  24  MVC486         0.00%    passed     99.78%
  25  MVC513         0.00%    passed     99.96%
  26  MVC523         0.00%    passed     99.81%
  27  MVC524         0.00%    passed     99.81%
  28  MVC556         0.00%    passed     32.83%
  29  MVC599         0.00%    passed     99.85%
  30  MVC623         0.00%    passed     51.16%
  31  MVC666         0.00%    passed     99.76%
  32  MVC715         0.00%    passed     99.98%
  33  MVC746         0.00%    passed     99.98%
  34  MVC9           0.00%    passed     53.20%
  35  SRR10085551    0.00%    passed     99.98%
  36  SRR10085762    0.00%    passed     99.92%
  37  SRR10094049    0.00%    passed     99.54%
  38  SRR10094634    0.00%    passed     98.83%
  39  SRR10098856    0.00%    passed     99.11%
  40  SRR10126775    0.00%    passed     99.19%
  41  SRR10126811    0.00%    passed     99.15%
  42  SRR10127045    0.00%    passed     99.33%
  43  SRR10198855    0.00%    passed     99.65%
  44  SRR10257842    0.00%    passed     86.97%
  45  SRR10257910    0.00%    passed     99.69%
  46  SRR10258168    0.00%    passed     99.81%
  47  SRR10286270    0.00%    passed     63.85%
  48  SRR10380975    0.00%    passed     99.53%
  49  SRR10384915    0.00%    passed     99.76%
  50  SRR10385124    0.00%    passed     99.92%
  51  SRR10419814    0.00%    passed     99.14%
  52  SRR10502096    0.00%    passed     98.79%
  53  SRR10535869    0.00%    passed     99.11%
  54  SRR10810139    0.00%    passed     99.12%
  55  SRR10810359    0.00%    passed     99.78%
  56  SRR10947498    0.00%    passed     77.97%
  57  SRR11014951    0.00%    passed     95.32%
  58  SRR11014952    0.00%    passed     93.48%
  59  SRR11014953    0.00%    passed     93.58%
  60  SRR11014954    0.00%    passed     93.07%
  61  SRR11014955    0.00%    passed     93.58%
  62  SRR11029659    0.00%    passed     98.23%
  63  SRR11031167    0.00%    passed     99.91%
  64  SRR11080871    0.00%    passed     99.73%
  65  SRR11094157    0.00%    passed     59.12%
  66  SRR11101180    0.00%    passed     99.90%
  67  SRR11281512    0.00%    passed     99.13%
  68  SRR11281536    0.00%    passed     99.90%
  69  SRR11319484    0.00%    passed     99.88%
  70  SRR11319493    0.00%    passed     87.46%
  71  SRR11341635    0.00%    passed     60.84%
  72  SRR11354616    0.00%    passed    100.00%
  73  SRR11410512    0.00%    passed     99.57%
  74  SRR11410516    0.00%    passed     99.57%
  75  SRR11410518    0.00%    passed     99.57%
  76  SRR11410526    0.00%    passed     99.57%
  77  SRR11410527    0.00%    passed     99.57%
  78  SRR11443130    0.00%    passed     99.34%
  79  SRR11484320    0.00%    passed     99.66%
  80  SRR11484321    0.00%    passed     92.32%
  81  SRR11484381    0.00%    passed     99.89%
  82  SRR11484420    0.00%    passed     99.96%
  83  SRR11484451    0.00%    passed     98.13%
  84  SRR11484511    0.00%    passed     99.99%
  85  SRR11484521    0.00%    passed     97.60%
  86  SRR11484588    0.00%    passed     99.82%
  87  SRR11484630    0.00%    passed     99.54%
  88  SRR11484637    0.00%    passed     99.96%
  89  SRR11484664    0.00%    passed     99.98%
  90  SRR11484667    0.00%    passed     99.16%
  91  SRR11484688    0.00%    passed     98.54%
  92  SRR11484689    0.00%    passed     99.94%
  93  SRR11484738    0.00%    passed     99.87%
  94  SRR11484745    0.00%    passed    100.00%
  95  SRR11484776    0.00%    passed     99.91%
  96  SRR11487790    0.00%    passed     99.00%
  97  SRR11487860    0.00%    passed     99.69%
  98  SRR11594617    0.00%    passed     98.88%
  99  SRR1314338     0.00%    passed     99.89%
 100  SRR1314351     0.00%    passed     99.79%
 101  SRR1314354     0.00%    passed     99.93%
 102  SRR1314357     0.00%    passed     99.82%
 103  SRR1314374     0.00%    passed     99.92%
 104  SRR1314380     0.00%    passed     99.80%
 105  SRR1314392     0.00%    passed     99.85%
 106  SRR1314407     0.00%    passed     99.72%
 107  SRR1314451     0.00%    passed     99.99%
 108  SRR1314452     0.00%    passed     98.93%
 109  SRR1314454     0.00%    passed     98.14%
 110  SRR1314529     0.00%    passed     99.84%
 111  SRR1314578     0.00%    passed     99.12%
 112  SRR1314582     0.00%    passed     99.65%
 113  SRR1610067     0.00%    passed     97.84%
 114  SRR3050953     0.00%    passed     99.96%
 115  SRR3051010     0.00%    passed     99.83%
 116  SRR3098794     0.00%    passed     89.19%
 117  SRR3136824     0.00%    passed     99.85%
 118  SRR3178418     0.00%    passed     99.59%
 119  SRR3221963     0.00%    passed     99.92%
 120  SRR3345807     0.00%    passed     99.83%
 121  SRR3465509     0.00%    passed     98.77%
 122  SRR3545384     0.00%    passed     99.93%
 123  SRR3574241     0.00%    passed     98.58%
 124  SRR3578629     0.00%    passed     98.71%
 125  SRR3578642     0.00%    passed     99.98%
 126  SRR3578806     0.00%    passed     99.99%
 127  SRR3578974     0.00%    passed     99.75%
 128  SRR3581327     0.00%    passed    100.00%
 129  SRR3987643     0.00%    passed     99.63%
 130  SRR3987645     0.00%    passed     99.94%
 131  SRR3987715     0.00%    passed    100.00%
 132  SRR3988040     0.00%    passed     99.32%
 133  SRR3993809     0.00%    passed     99.83%
 134  SRR3993865     0.00%    passed     99.86%
 135  SRR4067488     0.00%    passed    100.00%
 136  SRR4184853     0.00%    passed     99.93%
 137  SRR4263053     0.00%    passed     99.79%
 138  SRR5017485     0.00%    passed     99.49%
 139  SRR5336297     0.00%    passed     95.46%
 140  SRR5928752     0.00%    passed     99.50%
 141  SRR6161046     0.00%    passed     99.97%
 142  SRR6463486     0.00%    passed     99.99%
 143  SRR6701896     0.00%    passed     99.50%
 144  SRR6742588     0.00%    passed     99.89%
 145  SRR6761140     0.00%    passed     99.83%
 146  SRR6902707     0.00%    passed     99.99%
 147  SRR6930493     0.00%    passed     99.99%
 148  SRR6930872     0.00%    passed     99.99%
 149  SRR6978939     0.00%    passed     99.99%
 150  SRR7064469     0.00%    passed     96.48%
 151  SRR7064605     0.00%    passed     99.83%
 152  SRR7209046     0.00%    passed     98.39%
 153  SRR7211957     0.00%    passed    100.00%
 154  SRR7211963     0.00%    passed     99.91%
 155  SRR7211968     0.00%    passed     99.98%
 156  SRR7221255     0.00%    passed     97.68%
 157  SRR7236573     0.00%    passed     99.79%
 158  SRR7283674     0.00%    passed     98.39%
 159  SRR7304275     0.00%    passed     98.86%
 160  SRR7304278     0.00%    passed     99.96%
 161  SRR7304279     0.00%    passed     99.98%
 162  SRR7304280     0.00%    passed     99.82%
 163  SRR7304281     0.00%    passed     98.37%
 164  SRR7304452     0.00%    passed     99.94%
 165  SRR7304453     0.00%    passed     99.82%
 166  SRR7304454     0.00%    passed     99.81%
 167  SRR7304455     0.00%    passed     99.72%
 168  SRR7304456     0.00%    passed     99.77%
 169  SRR7304457     0.00%    passed     99.91%
 170  SRR7304461     0.00%    passed     99.45%
 171  SRR7427138     0.00%    passed     91.70%
 172  SRR7427254     0.00%    passed     91.70%
 173  SRR7659811     0.00%    passed     98.90%
 174  SRR7660780     0.00%    passed     63.58%
 175  SRR7660795     0.00%    passed     64.66%
 176  SRR7690509     0.00%    passed     60.34%
 177  SRR770080      0.00%    passed    100.00%
 178  SRR7786654     0.00%    passed     99.88%
 179  SRR7788262     0.00%    passed     91.37%
 180  SRR7828688     0.00%    passed     99.26%
 181  SRR784018      0.00%    passed     99.92%
 182  SRR784477      0.00%    passed     99.49%
 183  SRR7850962     0.00%    passed     99.97%
 184  SRR7851004     0.00%    passed     99.54%
 185  SRR7851038     0.00%    passed     99.11%
 186  SRR7851039     0.00%    passed     99.26%
 187  SRR7851064     0.00%    passed     99.85%
 188  SRR7851123     0.00%    passed     99.29%
 189  SRR785731      0.00%    passed     99.83%
 190  SRR785941      0.00%    passed     99.97%
 191  SRR786325      0.00%    passed     93.74%
 192  SRR786332      0.00%    passed     99.92%
 193  SRR786338      0.00%    passed     99.25%
 194  SRR7889310     0.00%    passed     99.83%
 195  SRR7904913     0.00%    passed     99.66%
 196  SRR7905454     0.00%    passed     99.74%
 197  SRR7967849     0.00%    passed     99.11%
 198  SRR7967901     0.00%    passed     98.70%
 199  SRR7967904     0.00%    passed     58.60%
 200  SRR7967918     0.00%    passed     98.73%
 201  SRR800414      0.00%    passed     99.51%
 202  SRR800530      0.00%    passed     99.96%
 203  SRR8176790     0.00%    passed     99.74%
 204  SRR8206953     0.00%    passed     98.26%
 205  SRR8284571     0.00%    passed     99.96%
 206  SRR8297621     0.00%    passed     99.96%
 207  SRR8297630     0.00%    passed     95.98%
 208  SRR8360112     0.00%    passed     49.27%
 209  SRR8397521     0.00%    passed     98.21%
 210  SRR8397612     0.00%    passed     98.25%
 211  SRR8533515     0.00%    passed     99.35%
 212  SRR8533526     0.00%    passed     49.58%
 213  SRR8533538     0.00%    passed     98.24%
 214  SRR8533623     0.00%    passed     99.93%
 215  SRR8533717     0.00%    passed     99.59%
 216  SRR8533741     0.00%    passed     99.65%
 217  SRR8533760     0.00%    passed     99.77%
 218  SRR8533796     0.00%    passed     99.80%
 219  SRR8533810     0.00%    passed     99.57%
 220  SRR8533842     0.00%    passed     99.83%
 221  SRR8533893     0.00%    passed     99.85%
 222  SRR8533910     0.00%    passed     98.37%
 223  SRR8533911     0.00%    passed     99.33%
 224  SRR8533913     0.00%    passed     99.82%
 225  SRR8533920     0.00%    passed     99.99%
 226  SRR8541316     0.00%    passed     99.87%
 227  SRR8541325     0.00%    passed     98.79%
 228  SRR8541333     0.00%    passed     99.78%
 229  SRR8541340     0.00%    passed     99.67%
 230  SRR8541341     0.00%    passed     99.99%
 231  SRR8541352     0.00%    passed     99.76%
 232  SRR8541369     0.00%    passed     99.81%
 233  SRR8541371     0.00%    passed     99.82%
 234  SRR8541387     0.00%    passed     93.83%
 235  SRR8541389     0.00%    passed     99.95%
 236  SRR8541403     0.00%    passed     99.79%
 237  SRR8541405     0.00%    passed     99.75%
 238  SRR8541409     0.00%    passed     93.20%
 239  SRR8541411     0.00%    passed     99.83%
 240  SRR8541429     0.00%    passed     99.74%
 241  SRR8541445     0.00%    passed     99.98%
 242  SRR8541470     0.00%    passed     99.94%
 243  SRR8541471     0.00%    passed     99.78%
 244  SRR8541484     0.00%    passed     99.34%
 245  SRR8541494     0.00%    passed     99.20%
 246  SRR8541501     0.00%    passed     99.64%
 247  SRR8541508     0.00%    passed     99.37%
 248  SRR8541509     0.00%    passed     46.79%
 249  SRR8541517     0.00%    passed    100.00%
 250  SRR8541538     0.00%    passed     99.85%
 251  SRR8541549     0.00%    passed     99.44%
 252  SRR8541551     0.00%    passed     32.90%
 253  SRR8541560     0.00%    passed     98.77%
 254  SRR8541563     0.00%    passed     25.64%
 255  SRR8541582     0.00%    passed     99.76%
 256  SRR8541584     0.00%    passed     99.66%
 257  SRR8541588     0.00%    passed     99.87%
 258  SRR8541603     0.00%    passed     99.94%
 259  SRR8541615     0.00%    passed     99.74%
 260  SRR8541645     0.00%    passed     99.67%
 261  SRR8602013     0.00%    passed     99.94%
 262  SRR8602131     0.00%    passed     99.94%
 263  SRR8632516     0.00%    passed     73.10%
 264  SRR8632534     0.00%    passed     60.55%
 265  SRR8663236     0.00%    passed     91.37%
 266  SRR8728087     0.00%    passed     98.87%
 267  SRR8728090     0.00%    passed     99.65%
 268  SRR8767387     0.00%    passed     98.28%
 269  SRR8781984     0.00%    passed     99.91%
 270  SRR8868851     0.00%    passed     99.64%
 271  SRR9028903     0.00%    passed     99.75%
 272  SRR9050387     0.00%    passed     99.60%
 273  SRR9113465     0.00%    passed     99.75%
 274  SRR9160170     0.00%    passed     99.76%
 275  SRR9160197     0.00%    passed     99.99%
 276  SRR9200321     0.00%    passed     99.70%
 277  SRR958491      0.00%    passed     99.95%
 278  SRR958524      0.00%    passed     99.93%
 279  SRR958547      0.00%    passed     89.95%
 280  SRR958560      0.00%    passed     93.98%
 281  SRR958655      0.00%    passed     91.84%
 282  SRR958728      0.00%    passed     99.91%
 283  SRR958788      0.00%    passed     99.94%
 284  SRR9615884     0.00%    passed     99.65%
 285  SRR9615920     0.00%    passed     99.78%
 286  SRR9674864     0.00%    passed     98.70%
 287  SRR9694238     0.00%    passed     98.61%
 288  SRR9734865     0.00%    passed     99.39%
 289  SRR9913760     0.00%    passed     50.60%
 290  SRR9913831     0.00%    passed     95.46%
 291  SRR9913870     0.00%    passed     97.81%
 292  SRR9913887     0.00%    passed     51.45%
 293  SRR9913992     0.00%    passed     99.07%
 294  SRR9913993     0.00%    passed     99.71%
 295  SRR9914184     0.00%    passed     98.42%
 296  SRR9914202     0.00%    passed     99.48%
 297  SRR9943565     0.00%    passed     99.88%
 298  SRR9973679     0.00%    passed     99.92%
 299  SRR9998291     0.00%    passed     99.55%
****  TOTAL          0.00%  0 sequences failed composition chi2 test (p-value<5%; df=3)
NOTE: 2011_89 is identical to 2011_83 but kept for subsequent analysis
NOTE: MVC35 is identical to MVC32 but kept for subsequent analysis
NOTE: MVC524 is identical to MVC523 but kept for subsequent analysis
NOTE: SRR11014955 is identical to SRR11014953 but kept for subsequent analysis
NOTE: SRR11410516 is identical to SRR11410512 but kept for subsequent analysis
NOTE: SRR9913831 is identical to SRR5336297 but kept for subsequent analysis
NOTE: SRR6930493 is identical to SRR6902707 but kept for subsequent analysis
NOTE: SRR7283674 is identical to SRR7209046 but kept for subsequent analysis
NOTE: SRR7427254 is identical to SRR7427138 but kept for subsequent analysis
NOTE: SRR8663236 is identical to SRR7788262 but kept for subsequent analysis
NOTE: SRR8602131 is identical to SRR8602013 but kept for subsequent analysis
NOTE: 5 identical sequences (see below) will be ignored for subsequent analysis
NOTE: 2011_97 (identical to 2011_83) is ignored but added at the end
NOTE: SRR11410518 (identical to SRR11410512) is ignored but added at the end
NOTE: SRR11410526 (identical to SRR11410512) is ignored but added at the end
NOTE: SRR11410527 (identical to SRR11410512) is ignored but added at the end
NOTE: SRR6930872 (identical to SRR6902707) is ignored but added at the end
Alignment was printed to /projects/AusGEM/Cam/ST127/ST127_pipelord2_results/trees/ST127/CGA_snp_sites.uniqueseq.phy

For your convenience alignment with unique sequences printed to /projects/AusGEM/Cam/ST127/ST127_pipelord2_results/trees/ST127/CGA_snp_sites.uniqueseq.phy

Create initial parsimony tree by phylogenetic likelihood library (PLL)... 0.408 seconds
Generating 1000 samples for ultrafast bootstrap (seed: 541419)...

NOTE: 113 MB RAM (0 GB) is required!
Estimate model parameters (epsilon = 0.100)
1. Initial log-likelihood: -101369.320
2. Current log-likelihood: -90735.775
3. Current log-likelihood: -90635.971
4. Current log-likelihood: -90625.956
5. Current log-likelihood: -90618.358
6. Current log-likelihood: -90611.607
7. Current log-likelihood: -90605.036
8. Current log-likelihood: -90598.297
9. Current log-likelihood: -90591.672
10. Current log-likelihood: -90585.836
11. Current log-likelihood: -90579.769
12. Current log-likelihood: -90573.928
13. Current log-likelihood: -90567.671
14. Current log-likelihood: -90561.334
15. Current log-likelihood: -90554.255
16. Current log-likelihood: -90546.651
17. Current log-likelihood: -90539.718
18. Current log-likelihood: -90533.882
19. Current log-likelihood: -90529.314
20. Current log-likelihood: -90524.924
21. Current log-likelihood: -90520.097
22. Current log-likelihood: -90515.504
23. Current log-likelihood: -90510.912
24. Current log-likelihood: -90506.712
25. Current log-likelihood: -90503.015
26. Current log-likelihood: -90499.843
27. Current log-likelihood: -90496.978
28. Current log-likelihood: -90494.636
29. Current log-likelihood: -90492.565
30. Current log-likelihood: -90490.765
31. Current log-likelihood: -90489.175
32. Current log-likelihood: -90487.822
33. Current log-likelihood: -90483.178
34. Current log-likelihood: -90481.305
35. Current log-likelihood: -90479.794
36. Current log-likelihood: -90478.131
37. Current log-likelihood: -90476.823
38. Current log-likelihood: -90475.747
39. Current log-likelihood: -90474.792
40. Current log-likelihood: -90473.922
41. Current log-likelihood: -90473.142
42. Current log-likelihood: -90468.552
43. Current log-likelihood: -90467.388
44. Current log-likelihood: -90466.326
45. Current log-likelihood: -90465.373
46. Current log-likelihood: -90464.519
47. Current log-likelihood: -90463.752
48. Current log-likelihood: -90463.061
49. Current log-likelihood: -90462.439
50. Current log-likelihood: -90461.875
51. Current log-likelihood: -90461.366
52. Current log-likelihood: -90460.904
53. Current log-likelihood: -90460.479
54. Current log-likelihood: -90460.105
55. Current log-likelihood: -90459.859
56. Current log-likelihood: -90459.620
57. Current log-likelihood: -90459.399
58. Current log-likelihood: -90455.056
59. Current log-likelihood: -90454.486
60. Current log-likelihood: -90453.959
61. Current log-likelihood: -90453.480
62. Current log-likelihood: -90453.044
63. Current log-likelihood: -90452.646
64. Current log-likelihood: -90452.283
65. Current log-likelihood: -90451.935
66. Current log-likelihood: -90451.711
67. Current log-likelihood: -90451.507
68. Current log-likelihood: -90451.406
69. Current log-likelihood: -90451.305
Optimal log-likelihood: -90451.117
Rate parameters:  A-C: 0.90907  A-G: 3.73596  A-T: 0.88065  C-G: 0.24061  C-T: 3.47525  G-T: 1.00000
Base frequencies:  A: 0.182  C: 0.313  G: 0.283  T: 0.222
Site proportion and rates:  (0.376,0.830) (0.358,0.866) (0.265,1.299) (0.001,34.917)
Parameters optimization took 69 rounds (109.828 sec)
Computing ML distances based on estimated model parameters... 1.638 sec
Computing BIONJ tree...
0.058 seconds
Log-likelihood of BIONJ tree: -90281.298
--------------------------------------------------------------------
|             INITIALIZING CANDIDATE TREE SET                      |
--------------------------------------------------------------------
Generating 98 parsimony trees... 50.001 second
Computing log-likelihood of 98 initial trees ... 15.618 seconds
Current best score: -90281.298

Do NNI search on 20 best initial trees
Estimate model parameters (epsilon = 0.100)
BETTER TREE FOUND at iteration 1: -90132.594
Estimate model parameters (epsilon = 0.100)
BETTER TREE FOUND at iteration 2: -89974.648
Iteration 10 / LogL: -90090.562 / Time: 0h:5m:55s
Iteration 20 / LogL: -90090.529 / Time: 0h:9m:24s
Finish initializing candidate tree set (20)
Current best tree score: -89974.648 / CPU time: 448.459
Number of iterations: 20
--------------------------------------------------------------------
|               OPTIMIZING CANDIDATE TREE SET                      |
--------------------------------------------------------------------
Iteration 30 / LogL: -90040.413 / Time: 0h:11m:21s (0h:28m:10s left)
Iteration 40 / LogL: -90052.949 / Time: 0h:12m:59s (0h:20m:38s left)
Iteration 50 / LogL: -90055.821 / Time: 0h:14m:51s (0h:15m:45s left)
Log-likelihood cutoff on original alignment: -90080.788
Iteration 60 / LogL: -89991.571 / Time: 0h:16m:47s (0h:11m:56s left)
Iteration 70 / LogL: -90597.703 / Time: 0h:18m:31s (0h:8m:35s left)
Iteration 80 / LogL: -89988.678 / Time: 0h:20m:41s (0h:5m:45s left)
Iteration 90 / LogL: -89998.417 / Time: 0h:22m:24s (0h:3m:1s left)
Iteration 100 / LogL: -90218.383 / Time: 0h:23m:46s (0h:0m:28s left)
Log-likelihood cutoff on original alignment: -90080.788
NOTE: Bootstrap correlation coefficient of split occurrence frequencies: 1.000
TREE SEARCH COMPLETED AFTER 103 ITERATIONS / Time: 0h:24m:11s

--------------------------------------------------------------------
|                    FINALIZING TREE SEARCH                        |
--------------------------------------------------------------------
Performs final model parameters optimization
Estimate model parameters (epsilon = 0.010)
1. Initial log-likelihood: -89974.648
Optimal log-likelihood: -89974.645
Rate parameters:  A-C: 0.91120  A-G: 3.72546  A-T: 0.88232  C-G: 0.24208  C-T: 3.48107  G-T: 1.00000
Base frequencies:  A: 0.182  C: 0.313  G: 0.283  T: 0.222
Site proportion and rates:  (0.364,0.951) (0.378,0.962) (0.257,1.033) (0.001,35.185)
Parameters optimization took 1 rounds (0.970 sec)
BEST SCORE FOUND : -89974.645
Creating bootstrap support values...
Split supports printed to NEXUS file /projects/AusGEM/Cam/ST127/ST127_pipelord2_results/trees/ST127/CGA_snp_sites.splits.nex
Total tree length: 0.181

Total number of iterations: 103
CPU time used for tree search: 1331.158 sec (0h:22m:11s)
Wall-clock time used for tree search: 1336.168 sec (0h:22m:16s)
Total CPU time used: 1448.352 sec (0h:24m:8s)
Total wall-clock time used: 1453.640 sec (0h:24m:13s)

Computing bootstrap consensus tree...
Reading input file /projects/AusGEM/Cam/ST127/ST127_pipelord2_results/trees/ST127/CGA_snp_sites.splits.nex...
294 taxa and 2187 splits.
Consensus tree written to /projects/AusGEM/Cam/ST127/ST127_pipelord2_results/trees/ST127/CGA_snp_sites.contree
Reading input trees file /projects/AusGEM/Cam/ST127/ST127_pipelord2_results/trees/ST127/CGA_snp_sites.contree
Log-likelihood of consensus tree: -89989.629

Analysis results written to: 
  IQ-TREE report:                /projects/AusGEM/Cam/ST127/ST127_pipelord2_results/trees/ST127/CGA_snp_sites.iqtree
  Maximum-likelihood tree:       /projects/AusGEM/Cam/ST127/ST127_pipelord2_results/trees/ST127/CGA_snp_sites.treefile
  Likelihood distances:          /projects/AusGEM/Cam/ST127/ST127_pipelord2_results/trees/ST127/CGA_snp_sites.mldist

Ultrafast bootstrap approximation results written to:
  Split support values:          /projects/AusGEM/Cam/ST127/ST127_pipelord2_results/trees/ST127/CGA_snp_sites.splits.nex
  Consensus tree:                /projects/AusGEM/Cam/ST127/ST127_pipelord2_results/trees/ST127/CGA_snp_sites.contree
  Screen log file:               /projects/AusGEM/Cam/ST127/ST127_pipelord2_results/trees/ST127/CGA_snp_sites.log

Date and Time: Fri Aug 20 13:06:04 2021
